Terminales no usados en la gram치tica

    BAR


Estado 11 conflictos: 1 desplazamiento/reducci칩n
Estado 147 conflictos: 1 desplazamiento/reducci칩n


Gram치tica

    0 $accept: programa $end

    1 programa: MAIN PARIZQ PARDER bloque

    2 bloque: INICIOBLOQUE declar_de_variables_locales declar_de_subprogs sentencias FINBLOQUE

    3 declar_de_subprogs: declar_de_subprogs declar_subprog
    4                   | %empty

    5 declar_subprog: cabecera_subprog bloque

    6 declar_de_variables_locales: VAR INICIOBLOQUE variables_locales FINBLOQUE
    7                            | %empty

    8 variables_locales: variables_locales cuerpo_declar_variables
    9                  | cuerpo_declar_variables

   10 cuerpo_declar_variables: tipo lista_variables PYC
   11                        | error

   12 tipo: PRIMITIVO
   13     | ESTRUCTURA tipo

   14 lista_variables: ID COMA lista_variables
   15                | ID

   16 cabecera_subprog: tipo ID PARIZQ parametros PARDER
   17                 | error

   18 lista_expresiones: lista_expresiones COMA expresion
   19                  | expresion

   20 parametros: parametros COMA tipo ID
   21           | tipo ID
   22           | error

   23 sentencias: sentencias sentencia
   24           | %empty

   25 sentencia: bloque
   26          | sentencia_asignacion
   27          | sentencia_if
   28          | sentencia_while
   29          | sentencia_entrada
   30          | sentencia_salida
   31          | sentencia_return
   32          | sentencia_repeat_until
   33          | sentencia_lista

   34 sentencia_asignacion: ID ASIGN expresion PYC

   35 sentencia_if: IF PARIZQ expresion PARDER sentencia sentencia_else

   36 sentencia_else: ELSE sentencia
   37               | %empty

   38 sentencia_while: WHILE PARIZQ expresion PARDER sentencia

   39 sentencia_entrada: INPUT lista_id PYC

   40 lista_id: lista_id COMA ID
   41         | ID

   42 sentencia_salida: OUTPUT lista_expresion_cadena PYC

   43 lista_expresion_cadena: lista_expresion_cadena COMA expresion_cadena
   44                       | expresion_cadena

   45 expresion_cadena: expresion
   46                 | CADENA

   47 sentencia_return: RETURN expresion PYC

   48 sentencia_repeat_until: REPEAT sentencia UNTIL PARIZQ expresion PARDER PYC

   49 sentencia_lista: expresion OPERLISTA PYC
   50                | INT expresion PYC
   51                | DOLLAR expresion PYC

   52 expresion: PARIZQ expresion PARDER
   53          | MASMENOS expresion
   54          | NOT expresion
   55          | INT expresion
   56          | MENOSMENOS expresion
   57          | expresion MENOSMENOS expresion
   58          | expresion ORLOG expresion
   59          | expresion ANDLOG expresion
   60          | expresion ARROBA expresion
   61          | expresion XOR expresion
   62          | expresion REL expresion
   63          | expresion MASMENOS expresion
   64          | expresion PORPOR expresion
   65          | expresion PORPOT expresion
   66          | expresion MULDIV expresion
   67          | expresion EQN expresion
   68          | expresion OPERMASMAS expresion ARROBA expresion
   69          | ID
   70          | constante
   71          | funcion
   72          | error

   73 funcion: ID PARIZQ argumentos PARDER

   74 argumentos: lista_expresiones
   75           | %empty

   76 constante: CONSTANTE
   77          | lista

   78 lista: CORCHETEIZQ lista_expresiones CORCHETEDER
   79      | CORCHETEIZQ CORCHETEDER


Terminales con las reglas donde aparecen

    $end (0) 0
    error (256) 11 17 22 72
    MAIN (258) 1
    VAR (259) 6
    PRIMITIVO (260) 12
    PYC (261) 10 34 39 42 47 48 49 50 51
    INPUT (262) 39
    OUTPUT (263) 42
    CADENA (264) 46
    RETURN (265) 47
    IF (266) 35
    ELSE (267) 36
    REPEAT (268) 48
    UNTIL (269) 48
    WHILE (270) 38
    OPERLISTA (271) 49
    CONSTANTE (272) 76
    INICIOBLOQUE (273) 2 6
    FINBLOQUE (274) 2 6
    CORCHETEIZQ (275) 78 79
    CORCHETEDER (276) 78 79
    COMA (277) 14 18 20 40 43
    ASIGN (278) 34
    PARDER (279) 1 16 35 38 48 52 73
    PARIZQ (280) 1 16 35 38 48 52 73
    ESTRUCTURA (281) 13
    ID (282) 14 15 16 20 21 34 40 41 69 73
    OPERMASMAS (283) 68
    ARROBA (284) 60 68
    ORLOG (285) 58
    ANDLOG (286) 59
    XOR (287) 61
    EQN (288) 67
    REL (289) 62
    PORPOR (290) 64
    PORPOT (291) 65
    MASMENOS (292) 53 63
    MULDIV (293) 66
    MENOSMENOS (294) 56 57
    NOT (295) 54
    INT (296) 50 55
    DOLLAR (297) 51
    BAR (298)


No terminales con las reglas donde aparecen

    $accept (44)
        on left: 0
    programa (45)
        on left: 1
        on right: 0
    bloque (46)
        on left: 2
        on right: 1 5 25
    declar_de_subprogs (47)
        on left: 3 4
        on right: 2 3
    declar_subprog (48)
        on left: 5
        on right: 3
    declar_de_variables_locales (49)
        on left: 6 7
        on right: 2
    variables_locales (50)
        on left: 8 9
        on right: 6 8
    cuerpo_declar_variables (51)
        on left: 10 11
        on right: 8 9
    tipo (52)
        on left: 12 13
        on right: 10 13 16 20 21
    lista_variables (53)
        on left: 14 15
        on right: 10 14
    cabecera_subprog (54)
        on left: 16 17
        on right: 5
    lista_expresiones (55)
        on left: 18 19
        on right: 18 74 78
    parametros (56)
        on left: 20 21 22
        on right: 16 20
    sentencias (57)
        on left: 23 24
        on right: 2 23
    sentencia (58)
        on left: 25 26 27 28 29 30 31 32 33
        on right: 23 35 36 38 48
    sentencia_asignacion (59)
        on left: 34
        on right: 26
    sentencia_if (60)
        on left: 35
        on right: 27
    sentencia_else (61)
        on left: 36 37
        on right: 35
    sentencia_while (62)
        on left: 38
        on right: 28
    sentencia_entrada (63)
        on left: 39
        on right: 29
    lista_id (64)
        on left: 40 41
        on right: 39 40
    sentencia_salida (65)
        on left: 42
        on right: 30
    lista_expresion_cadena (66)
        on left: 43 44
        on right: 42 43
    expresion_cadena (67)
        on left: 45 46
        on right: 43 44
    sentencia_return (68)
        on left: 47
        on right: 31
    sentencia_repeat_until (69)
        on left: 48
        on right: 32
    sentencia_lista (70)
        on left: 49 50 51
        on right: 33
    expresion (71)
        on left: 52 53 54 55 56 57 58 59 60 61 62 63 64 65 66 67 68 69 70 71 72
        on right: 18 19 34 35 38 45 47 48 49 50 51 52 53 54 55 56 57 58 59 60 61 62 63 64 65 66 67 68
    funcion (72)
        on left: 73
        on right: 71
    argumentos (73)
        on left: 74 75
        on right: 73
    constante (74)
        on left: 76 77
        on right: 70
    lista (75)
        on left: 78 79
        on right: 77


Estado 0

    0 $accept: . programa $end

    MAIN  desplazar e ir al estado 1

    programa  ir al estado 2


Estado 1

    1 programa: MAIN . PARIZQ PARDER bloque

    PARIZQ  desplazar e ir al estado 3


Estado 2

    0 $accept: programa . $end

    $end  desplazar e ir al estado 4


Estado 3

    1 programa: MAIN PARIZQ . PARDER bloque

    PARDER  desplazar e ir al estado 5


Estado 4

    0 $accept: programa $end .

    $default  aceptar


Estado 5

    1 programa: MAIN PARIZQ PARDER . bloque

    INICIOBLOQUE  desplazar e ir al estado 6

    bloque  ir al estado 7


Estado 6

    2 bloque: INICIOBLOQUE . declar_de_variables_locales declar_de_subprogs sentencias FINBLOQUE

    VAR  desplazar e ir al estado 8

    $default  reduce usando la regla 7 (declar_de_variables_locales)

    declar_de_variables_locales  ir al estado 9


Estado 7

    1 programa: MAIN PARIZQ PARDER bloque .

    $default  reduce usando la regla 1 (programa)


Estado 8

    6 declar_de_variables_locales: VAR . INICIOBLOQUE variables_locales FINBLOQUE

    INICIOBLOQUE  desplazar e ir al estado 10


Estado 9

    2 bloque: INICIOBLOQUE declar_de_variables_locales . declar_de_subprogs sentencias FINBLOQUE

    $default  reduce usando la regla 4 (declar_de_subprogs)

    declar_de_subprogs  ir al estado 11


Estado 10

    6 declar_de_variables_locales: VAR INICIOBLOQUE . variables_locales FINBLOQUE

    error       desplazar e ir al estado 12
    PRIMITIVO   desplazar e ir al estado 13
    ESTRUCTURA  desplazar e ir al estado 14

    variables_locales        ir al estado 15
    cuerpo_declar_variables  ir al estado 16
    tipo                     ir al estado 17


Estado 11

    2 bloque: INICIOBLOQUE declar_de_variables_locales declar_de_subprogs . sentencias FINBLOQUE
    3 declar_de_subprogs: declar_de_subprogs . declar_subprog

    error       desplazar e ir al estado 18
    PRIMITIVO   desplazar e ir al estado 13
    ESTRUCTURA  desplazar e ir al estado 14

    error         [reduce usando la regla 24 (sentencias)]
    INPUT         reduce usando la regla 24 (sentencias)
    OUTPUT        reduce usando la regla 24 (sentencias)
    RETURN        reduce usando la regla 24 (sentencias)
    IF            reduce usando la regla 24 (sentencias)
    REPEAT        reduce usando la regla 24 (sentencias)
    WHILE         reduce usando la regla 24 (sentencias)
    CONSTANTE     reduce usando la regla 24 (sentencias)
    INICIOBLOQUE  reduce usando la regla 24 (sentencias)
    FINBLOQUE     reduce usando la regla 24 (sentencias)
    CORCHETEIZQ   reduce usando la regla 24 (sentencias)
    PARIZQ        reduce usando la regla 24 (sentencias)
    ID            reduce usando la regla 24 (sentencias)
    MASMENOS      reduce usando la regla 24 (sentencias)
    MENOSMENOS    reduce usando la regla 24 (sentencias)
    NOT           reduce usando la regla 24 (sentencias)
    INT           reduce usando la regla 24 (sentencias)
    DOLLAR        reduce usando la regla 24 (sentencias)

    declar_subprog    ir al estado 19
    tipo              ir al estado 20
    cabecera_subprog  ir al estado 21
    sentencias        ir al estado 22


Estado 12

   11 cuerpo_declar_variables: error .

    $default  reduce usando la regla 11 (cuerpo_declar_variables)


Estado 13

   12 tipo: PRIMITIVO .

    $default  reduce usando la regla 12 (tipo)


Estado 14

   13 tipo: ESTRUCTURA . tipo

    PRIMITIVO   desplazar e ir al estado 13
    ESTRUCTURA  desplazar e ir al estado 14

    tipo  ir al estado 23


Estado 15

    6 declar_de_variables_locales: VAR INICIOBLOQUE variables_locales . FINBLOQUE
    8 variables_locales: variables_locales . cuerpo_declar_variables

    error       desplazar e ir al estado 12
    PRIMITIVO   desplazar e ir al estado 13
    FINBLOQUE   desplazar e ir al estado 24
    ESTRUCTURA  desplazar e ir al estado 14

    cuerpo_declar_variables  ir al estado 25
    tipo                     ir al estado 17


Estado 16

    9 variables_locales: cuerpo_declar_variables .

    $default  reduce usando la regla 9 (variables_locales)


Estado 17

   10 cuerpo_declar_variables: tipo . lista_variables PYC

    ID  desplazar e ir al estado 26

    lista_variables  ir al estado 27


Estado 18

   17 cabecera_subprog: error .

    $default  reduce usando la regla 17 (cabecera_subprog)


Estado 19

    3 declar_de_subprogs: declar_de_subprogs declar_subprog .

    $default  reduce usando la regla 3 (declar_de_subprogs)


Estado 20

   16 cabecera_subprog: tipo . ID PARIZQ parametros PARDER

    ID  desplazar e ir al estado 28


Estado 21

    5 declar_subprog: cabecera_subprog . bloque

    INICIOBLOQUE  desplazar e ir al estado 6

    bloque  ir al estado 29


Estado 22

    2 bloque: INICIOBLOQUE declar_de_variables_locales declar_de_subprogs sentencias . FINBLOQUE
   23 sentencias: sentencias . sentencia

    error         desplazar e ir al estado 30
    INPUT         desplazar e ir al estado 31
    OUTPUT        desplazar e ir al estado 32
    RETURN        desplazar e ir al estado 33
    IF            desplazar e ir al estado 34
    REPEAT        desplazar e ir al estado 35
    WHILE         desplazar e ir al estado 36
    CONSTANTE     desplazar e ir al estado 37
    INICIOBLOQUE  desplazar e ir al estado 6
    FINBLOQUE     desplazar e ir al estado 38
    CORCHETEIZQ   desplazar e ir al estado 39
    PARIZQ        desplazar e ir al estado 40
    ID            desplazar e ir al estado 41
    MASMENOS      desplazar e ir al estado 42
    MENOSMENOS    desplazar e ir al estado 43
    NOT           desplazar e ir al estado 44
    INT           desplazar e ir al estado 45
    DOLLAR        desplazar e ir al estado 46

    bloque                  ir al estado 47
    sentencia               ir al estado 48
    sentencia_asignacion    ir al estado 49
    sentencia_if            ir al estado 50
    sentencia_while         ir al estado 51
    sentencia_entrada       ir al estado 52
    sentencia_salida        ir al estado 53
    sentencia_return        ir al estado 54
    sentencia_repeat_until  ir al estado 55
    sentencia_lista         ir al estado 56
    expresion               ir al estado 57
    funcion                 ir al estado 58
    constante               ir al estado 59
    lista                   ir al estado 60


Estado 23

   13 tipo: ESTRUCTURA tipo .

    $default  reduce usando la regla 13 (tipo)


Estado 24

    6 declar_de_variables_locales: VAR INICIOBLOQUE variables_locales FINBLOQUE .

    $default  reduce usando la regla 6 (declar_de_variables_locales)


Estado 25

    8 variables_locales: variables_locales cuerpo_declar_variables .

    $default  reduce usando la regla 8 (variables_locales)


Estado 26

   14 lista_variables: ID . COMA lista_variables
   15                | ID .

    COMA  desplazar e ir al estado 61

    $default  reduce usando la regla 15 (lista_variables)


Estado 27

   10 cuerpo_declar_variables: tipo lista_variables . PYC

    PYC  desplazar e ir al estado 62


Estado 28

   16 cabecera_subprog: tipo ID . PARIZQ parametros PARDER

    PARIZQ  desplazar e ir al estado 63


Estado 29

    5 declar_subprog: cabecera_subprog bloque .

    $default  reduce usando la regla 5 (declar_subprog)


Estado 30

   72 expresion: error .

    $default  reduce usando la regla 72 (expresion)


Estado 31

   39 sentencia_entrada: INPUT . lista_id PYC

    ID  desplazar e ir al estado 64

    lista_id  ir al estado 65


Estado 32

   42 sentencia_salida: OUTPUT . lista_expresion_cadena PYC

    error        desplazar e ir al estado 30
    CADENA       desplazar e ir al estado 66
    CONSTANTE    desplazar e ir al estado 37
    CORCHETEIZQ  desplazar e ir al estado 39
    PARIZQ       desplazar e ir al estado 40
    ID           desplazar e ir al estado 67
    MASMENOS     desplazar e ir al estado 42
    MENOSMENOS   desplazar e ir al estado 43
    NOT          desplazar e ir al estado 44
    INT          desplazar e ir al estado 68

    lista_expresion_cadena  ir al estado 69
    expresion_cadena        ir al estado 70
    expresion               ir al estado 71
    funcion                 ir al estado 58
    constante               ir al estado 59
    lista                   ir al estado 60


Estado 33

   47 sentencia_return: RETURN . expresion PYC

    error        desplazar e ir al estado 30
    CONSTANTE    desplazar e ir al estado 37
    CORCHETEIZQ  desplazar e ir al estado 39
    PARIZQ       desplazar e ir al estado 40
    ID           desplazar e ir al estado 67
    MASMENOS     desplazar e ir al estado 42
    MENOSMENOS   desplazar e ir al estado 43
    NOT          desplazar e ir al estado 44
    INT          desplazar e ir al estado 68

    expresion  ir al estado 72
    funcion    ir al estado 58
    constante  ir al estado 59
    lista      ir al estado 60


Estado 34

   35 sentencia_if: IF . PARIZQ expresion PARDER sentencia sentencia_else

    PARIZQ  desplazar e ir al estado 73


Estado 35

   48 sentencia_repeat_until: REPEAT . sentencia UNTIL PARIZQ expresion PARDER PYC

    error         desplazar e ir al estado 30
    INPUT         desplazar e ir al estado 31
    OUTPUT        desplazar e ir al estado 32
    RETURN        desplazar e ir al estado 33
    IF            desplazar e ir al estado 34
    REPEAT        desplazar e ir al estado 35
    WHILE         desplazar e ir al estado 36
    CONSTANTE     desplazar e ir al estado 37
    INICIOBLOQUE  desplazar e ir al estado 6
    CORCHETEIZQ   desplazar e ir al estado 39
    PARIZQ        desplazar e ir al estado 40
    ID            desplazar e ir al estado 41
    MASMENOS      desplazar e ir al estado 42
    MENOSMENOS    desplazar e ir al estado 43
    NOT           desplazar e ir al estado 44
    INT           desplazar e ir al estado 45
    DOLLAR        desplazar e ir al estado 46

    bloque                  ir al estado 47
    sentencia               ir al estado 74
    sentencia_asignacion    ir al estado 49
    sentencia_if            ir al estado 50
    sentencia_while         ir al estado 51
    sentencia_entrada       ir al estado 52
    sentencia_salida        ir al estado 53
    sentencia_return        ir al estado 54
    sentencia_repeat_until  ir al estado 55
    sentencia_lista         ir al estado 56
    expresion               ir al estado 57
    funcion                 ir al estado 58
    constante               ir al estado 59
    lista                   ir al estado 60


Estado 36

   38 sentencia_while: WHILE . PARIZQ expresion PARDER sentencia

    PARIZQ  desplazar e ir al estado 75


Estado 37

   76 constante: CONSTANTE .

    $default  reduce usando la regla 76 (constante)


Estado 38

    2 bloque: INICIOBLOQUE declar_de_variables_locales declar_de_subprogs sentencias FINBLOQUE .

    $default  reduce usando la regla 2 (bloque)


Estado 39

   78 lista: CORCHETEIZQ . lista_expresiones CORCHETEDER
   79      | CORCHETEIZQ . CORCHETEDER

    error        desplazar e ir al estado 30
    CONSTANTE    desplazar e ir al estado 37
    CORCHETEIZQ  desplazar e ir al estado 39
    CORCHETEDER  desplazar e ir al estado 76
    PARIZQ       desplazar e ir al estado 40
    ID           desplazar e ir al estado 67
    MASMENOS     desplazar e ir al estado 42
    MENOSMENOS   desplazar e ir al estado 43
    NOT          desplazar e ir al estado 44
    INT          desplazar e ir al estado 68

    lista_expresiones  ir al estado 77
    expresion          ir al estado 78
    funcion            ir al estado 58
    constante          ir al estado 59
    lista              ir al estado 60


Estado 40

   52 expresion: PARIZQ . expresion PARDER

    error        desplazar e ir al estado 30
    CONSTANTE    desplazar e ir al estado 37
    CORCHETEIZQ  desplazar e ir al estado 39
    PARIZQ       desplazar e ir al estado 40
    ID           desplazar e ir al estado 67
    MASMENOS     desplazar e ir al estado 42
    MENOSMENOS   desplazar e ir al estado 43
    NOT          desplazar e ir al estado 44
    INT          desplazar e ir al estado 68

    expresion  ir al estado 79
    funcion    ir al estado 58
    constante  ir al estado 59
    lista      ir al estado 60


Estado 41

   34 sentencia_asignacion: ID . ASIGN expresion PYC
   69 expresion: ID .
   73 funcion: ID . PARIZQ argumentos PARDER

    ASIGN   desplazar e ir al estado 80
    PARIZQ  desplazar e ir al estado 81

    $default  reduce usando la regla 69 (expresion)


Estado 42

   53 expresion: MASMENOS . expresion

    error        desplazar e ir al estado 30
    CONSTANTE    desplazar e ir al estado 37
    CORCHETEIZQ  desplazar e ir al estado 39
    PARIZQ       desplazar e ir al estado 40
    ID           desplazar e ir al estado 67
    MASMENOS     desplazar e ir al estado 42
    MENOSMENOS   desplazar e ir al estado 43
    NOT          desplazar e ir al estado 44
    INT          desplazar e ir al estado 68

    expresion  ir al estado 82
    funcion    ir al estado 58
    constante  ir al estado 59
    lista      ir al estado 60


Estado 43

   56 expresion: MENOSMENOS . expresion

    error        desplazar e ir al estado 30
    CONSTANTE    desplazar e ir al estado 37
    CORCHETEIZQ  desplazar e ir al estado 39
    PARIZQ       desplazar e ir al estado 40
    ID           desplazar e ir al estado 67
    MASMENOS     desplazar e ir al estado 42
    MENOSMENOS   desplazar e ir al estado 43
    NOT          desplazar e ir al estado 44
    INT          desplazar e ir al estado 68

    expresion  ir al estado 83
    funcion    ir al estado 58
    constante  ir al estado 59
    lista      ir al estado 60


Estado 44

   54 expresion: NOT . expresion

    error        desplazar e ir al estado 30
    CONSTANTE    desplazar e ir al estado 37
    CORCHETEIZQ  desplazar e ir al estado 39
    PARIZQ       desplazar e ir al estado 40
    ID           desplazar e ir al estado 67
    MASMENOS     desplazar e ir al estado 42
    MENOSMENOS   desplazar e ir al estado 43
    NOT          desplazar e ir al estado 44
    INT          desplazar e ir al estado 68

    expresion  ir al estado 84
    funcion    ir al estado 58
    constante  ir al estado 59
    lista      ir al estado 60


Estado 45

   50 sentencia_lista: INT . expresion PYC
   55 expresion: INT . expresion

    error        desplazar e ir al estado 30
    CONSTANTE    desplazar e ir al estado 37
    CORCHETEIZQ  desplazar e ir al estado 39
    PARIZQ       desplazar e ir al estado 40
    ID           desplazar e ir al estado 67
    MASMENOS     desplazar e ir al estado 42
    MENOSMENOS   desplazar e ir al estado 43
    NOT          desplazar e ir al estado 44
    INT          desplazar e ir al estado 68

    expresion  ir al estado 85
    funcion    ir al estado 58
    constante  ir al estado 59
    lista      ir al estado 60


Estado 46

   51 sentencia_lista: DOLLAR . expresion PYC

    error        desplazar e ir al estado 30
    CONSTANTE    desplazar e ir al estado 37
    CORCHETEIZQ  desplazar e ir al estado 39
    PARIZQ       desplazar e ir al estado 40
    ID           desplazar e ir al estado 67
    MASMENOS     desplazar e ir al estado 42
    MENOSMENOS   desplazar e ir al estado 43
    NOT          desplazar e ir al estado 44
    INT          desplazar e ir al estado 68

    expresion  ir al estado 86
    funcion    ir al estado 58
    constante  ir al estado 59
    lista      ir al estado 60


Estado 47

   25 sentencia: bloque .

    $default  reduce usando la regla 25 (sentencia)


Estado 48

   23 sentencias: sentencias sentencia .

    $default  reduce usando la regla 23 (sentencias)


Estado 49

   26 sentencia: sentencia_asignacion .

    $default  reduce usando la regla 26 (sentencia)


Estado 50

   27 sentencia: sentencia_if .

    $default  reduce usando la regla 27 (sentencia)


Estado 51

   28 sentencia: sentencia_while .

    $default  reduce usando la regla 28 (sentencia)


Estado 52

   29 sentencia: sentencia_entrada .

    $default  reduce usando la regla 29 (sentencia)


Estado 53

   30 sentencia: sentencia_salida .

    $default  reduce usando la regla 30 (sentencia)


Estado 54

   31 sentencia: sentencia_return .

    $default  reduce usando la regla 31 (sentencia)


Estado 55

   32 sentencia: sentencia_repeat_until .

    $default  reduce usando la regla 32 (sentencia)


Estado 56

   33 sentencia: sentencia_lista .

    $default  reduce usando la regla 33 (sentencia)


Estado 57

   49 sentencia_lista: expresion . OPERLISTA PYC
   57 expresion: expresion . MENOSMENOS expresion
   58          | expresion . ORLOG expresion
   59          | expresion . ANDLOG expresion
   60          | expresion . ARROBA expresion
   61          | expresion . XOR expresion
   62          | expresion . REL expresion
   63          | expresion . MASMENOS expresion
   64          | expresion . PORPOR expresion
   65          | expresion . PORPOT expresion
   66          | expresion . MULDIV expresion
   67          | expresion . EQN expresion
   68          | expresion . OPERMASMAS expresion ARROBA expresion

    OPERLISTA   desplazar e ir al estado 87
    OPERMASMAS  desplazar e ir al estado 88
    ARROBA      desplazar e ir al estado 89
    ORLOG       desplazar e ir al estado 90
    ANDLOG      desplazar e ir al estado 91
    XOR         desplazar e ir al estado 92
    EQN         desplazar e ir al estado 93
    REL         desplazar e ir al estado 94
    PORPOR      desplazar e ir al estado 95
    PORPOT      desplazar e ir al estado 96
    MASMENOS    desplazar e ir al estado 97
    MULDIV      desplazar e ir al estado 98
    MENOSMENOS  desplazar e ir al estado 99


Estado 58

   71 expresion: funcion .

    $default  reduce usando la regla 71 (expresion)


Estado 59

   70 expresion: constante .

    $default  reduce usando la regla 70 (expresion)


Estado 60

   77 constante: lista .

    $default  reduce usando la regla 77 (constante)


Estado 61

   14 lista_variables: ID COMA . lista_variables

    ID  desplazar e ir al estado 26

    lista_variables  ir al estado 100


Estado 62

   10 cuerpo_declar_variables: tipo lista_variables PYC .

    $default  reduce usando la regla 10 (cuerpo_declar_variables)


Estado 63

   16 cabecera_subprog: tipo ID PARIZQ . parametros PARDER

    error       desplazar e ir al estado 101
    PRIMITIVO   desplazar e ir al estado 13
    ESTRUCTURA  desplazar e ir al estado 14

    tipo        ir al estado 102
    parametros  ir al estado 103


Estado 64

   41 lista_id: ID .

    $default  reduce usando la regla 41 (lista_id)


Estado 65

   39 sentencia_entrada: INPUT lista_id . PYC
   40 lista_id: lista_id . COMA ID

    PYC   desplazar e ir al estado 104
    COMA  desplazar e ir al estado 105


Estado 66

   46 expresion_cadena: CADENA .

    $default  reduce usando la regla 46 (expresion_cadena)


Estado 67

   69 expresion: ID .
   73 funcion: ID . PARIZQ argumentos PARDER

    PARIZQ  desplazar e ir al estado 81

    $default  reduce usando la regla 69 (expresion)


Estado 68

   55 expresion: INT . expresion

    error        desplazar e ir al estado 30
    CONSTANTE    desplazar e ir al estado 37
    CORCHETEIZQ  desplazar e ir al estado 39
    PARIZQ       desplazar e ir al estado 40
    ID           desplazar e ir al estado 67
    MASMENOS     desplazar e ir al estado 42
    MENOSMENOS   desplazar e ir al estado 43
    NOT          desplazar e ir al estado 44
    INT          desplazar e ir al estado 68

    expresion  ir al estado 106
    funcion    ir al estado 58
    constante  ir al estado 59
    lista      ir al estado 60


Estado 69

   42 sentencia_salida: OUTPUT lista_expresion_cadena . PYC
   43 lista_expresion_cadena: lista_expresion_cadena . COMA expresion_cadena

    PYC   desplazar e ir al estado 107
    COMA  desplazar e ir al estado 108


Estado 70

   44 lista_expresion_cadena: expresion_cadena .

    $default  reduce usando la regla 44 (lista_expresion_cadena)


Estado 71

   45 expresion_cadena: expresion .
   57 expresion: expresion . MENOSMENOS expresion
   58          | expresion . ORLOG expresion
   59          | expresion . ANDLOG expresion
   60          | expresion . ARROBA expresion
   61          | expresion . XOR expresion
   62          | expresion . REL expresion
   63          | expresion . MASMENOS expresion
   64          | expresion . PORPOR expresion
   65          | expresion . PORPOT expresion
   66          | expresion . MULDIV expresion
   67          | expresion . EQN expresion
   68          | expresion . OPERMASMAS expresion ARROBA expresion

    OPERMASMAS  desplazar e ir al estado 88
    ARROBA      desplazar e ir al estado 89
    ORLOG       desplazar e ir al estado 90
    ANDLOG      desplazar e ir al estado 91
    XOR         desplazar e ir al estado 92
    EQN         desplazar e ir al estado 93
    REL         desplazar e ir al estado 94
    PORPOR      desplazar e ir al estado 95
    PORPOT      desplazar e ir al estado 96
    MASMENOS    desplazar e ir al estado 97
    MULDIV      desplazar e ir al estado 98
    MENOSMENOS  desplazar e ir al estado 99

    $default  reduce usando la regla 45 (expresion_cadena)


Estado 72

   47 sentencia_return: RETURN expresion . PYC
   57 expresion: expresion . MENOSMENOS expresion
   58          | expresion . ORLOG expresion
   59          | expresion . ANDLOG expresion
   60          | expresion . ARROBA expresion
   61          | expresion . XOR expresion
   62          | expresion . REL expresion
   63          | expresion . MASMENOS expresion
   64          | expresion . PORPOR expresion
   65          | expresion . PORPOT expresion
   66          | expresion . MULDIV expresion
   67          | expresion . EQN expresion
   68          | expresion . OPERMASMAS expresion ARROBA expresion

    PYC         desplazar e ir al estado 109
    OPERMASMAS  desplazar e ir al estado 88
    ARROBA      desplazar e ir al estado 89
    ORLOG       desplazar e ir al estado 90
    ANDLOG      desplazar e ir al estado 91
    XOR         desplazar e ir al estado 92
    EQN         desplazar e ir al estado 93
    REL         desplazar e ir al estado 94
    PORPOR      desplazar e ir al estado 95
    PORPOT      desplazar e ir al estado 96
    MASMENOS    desplazar e ir al estado 97
    MULDIV      desplazar e ir al estado 98
    MENOSMENOS  desplazar e ir al estado 99


Estado 73

   35 sentencia_if: IF PARIZQ . expresion PARDER sentencia sentencia_else

    error        desplazar e ir al estado 30
    CONSTANTE    desplazar e ir al estado 37
    CORCHETEIZQ  desplazar e ir al estado 39
    PARIZQ       desplazar e ir al estado 40
    ID           desplazar e ir al estado 67
    MASMENOS     desplazar e ir al estado 42
    MENOSMENOS   desplazar e ir al estado 43
    NOT          desplazar e ir al estado 44
    INT          desplazar e ir al estado 68

    expresion  ir al estado 110
    funcion    ir al estado 58
    constante  ir al estado 59
    lista      ir al estado 60


Estado 74

   48 sentencia_repeat_until: REPEAT sentencia . UNTIL PARIZQ expresion PARDER PYC

    UNTIL  desplazar e ir al estado 111


Estado 75

   38 sentencia_while: WHILE PARIZQ . expresion PARDER sentencia

    error        desplazar e ir al estado 30
    CONSTANTE    desplazar e ir al estado 37
    CORCHETEIZQ  desplazar e ir al estado 39
    PARIZQ       desplazar e ir al estado 40
    ID           desplazar e ir al estado 67
    MASMENOS     desplazar e ir al estado 42
    MENOSMENOS   desplazar e ir al estado 43
    NOT          desplazar e ir al estado 44
    INT          desplazar e ir al estado 68

    expresion  ir al estado 112
    funcion    ir al estado 58
    constante  ir al estado 59
    lista      ir al estado 60


Estado 76

   79 lista: CORCHETEIZQ CORCHETEDER .

    $default  reduce usando la regla 79 (lista)


Estado 77

   18 lista_expresiones: lista_expresiones . COMA expresion
   78 lista: CORCHETEIZQ lista_expresiones . CORCHETEDER

    CORCHETEDER  desplazar e ir al estado 113
    COMA         desplazar e ir al estado 114


Estado 78

   19 lista_expresiones: expresion .
   57 expresion: expresion . MENOSMENOS expresion
   58          | expresion . ORLOG expresion
   59          | expresion . ANDLOG expresion
   60          | expresion . ARROBA expresion
   61          | expresion . XOR expresion
   62          | expresion . REL expresion
   63          | expresion . MASMENOS expresion
   64          | expresion . PORPOR expresion
   65          | expresion . PORPOT expresion
   66          | expresion . MULDIV expresion
   67          | expresion . EQN expresion
   68          | expresion . OPERMASMAS expresion ARROBA expresion

    OPERMASMAS  desplazar e ir al estado 88
    ARROBA      desplazar e ir al estado 89
    ORLOG       desplazar e ir al estado 90
    ANDLOG      desplazar e ir al estado 91
    XOR         desplazar e ir al estado 92
    EQN         desplazar e ir al estado 93
    REL         desplazar e ir al estado 94
    PORPOR      desplazar e ir al estado 95
    PORPOT      desplazar e ir al estado 96
    MASMENOS    desplazar e ir al estado 97
    MULDIV      desplazar e ir al estado 98
    MENOSMENOS  desplazar e ir al estado 99

    $default  reduce usando la regla 19 (lista_expresiones)


Estado 79

   52 expresion: PARIZQ expresion . PARDER
   57          | expresion . MENOSMENOS expresion
   58          | expresion . ORLOG expresion
   59          | expresion . ANDLOG expresion
   60          | expresion . ARROBA expresion
   61          | expresion . XOR expresion
   62          | expresion . REL expresion
   63          | expresion . MASMENOS expresion
   64          | expresion . PORPOR expresion
   65          | expresion . PORPOT expresion
   66          | expresion . MULDIV expresion
   67          | expresion . EQN expresion
   68          | expresion . OPERMASMAS expresion ARROBA expresion

    PARDER      desplazar e ir al estado 115
    OPERMASMAS  desplazar e ir al estado 88
    ARROBA      desplazar e ir al estado 89
    ORLOG       desplazar e ir al estado 90
    ANDLOG      desplazar e ir al estado 91
    XOR         desplazar e ir al estado 92
    EQN         desplazar e ir al estado 93
    REL         desplazar e ir al estado 94
    PORPOR      desplazar e ir al estado 95
    PORPOT      desplazar e ir al estado 96
    MASMENOS    desplazar e ir al estado 97
    MULDIV      desplazar e ir al estado 98
    MENOSMENOS  desplazar e ir al estado 99


Estado 80

   34 sentencia_asignacion: ID ASIGN . expresion PYC

    error        desplazar e ir al estado 30
    CONSTANTE    desplazar e ir al estado 37
    CORCHETEIZQ  desplazar e ir al estado 39
    PARIZQ       desplazar e ir al estado 40
    ID           desplazar e ir al estado 67
    MASMENOS     desplazar e ir al estado 42
    MENOSMENOS   desplazar e ir al estado 43
    NOT          desplazar e ir al estado 44
    INT          desplazar e ir al estado 68

    expresion  ir al estado 116
    funcion    ir al estado 58
    constante  ir al estado 59
    lista      ir al estado 60


Estado 81

   73 funcion: ID PARIZQ . argumentos PARDER

    error        desplazar e ir al estado 30
    CONSTANTE    desplazar e ir al estado 37
    CORCHETEIZQ  desplazar e ir al estado 39
    PARIZQ       desplazar e ir al estado 40
    ID           desplazar e ir al estado 67
    MASMENOS     desplazar e ir al estado 42
    MENOSMENOS   desplazar e ir al estado 43
    NOT          desplazar e ir al estado 44
    INT          desplazar e ir al estado 68

    PARDER  reduce usando la regla 75 (argumentos)

    lista_expresiones  ir al estado 117
    expresion          ir al estado 78
    funcion            ir al estado 58
    argumentos         ir al estado 118
    constante          ir al estado 59
    lista              ir al estado 60


Estado 82

   53 expresion: MASMENOS expresion .
   57          | expresion . MENOSMENOS expresion
   58          | expresion . ORLOG expresion
   59          | expresion . ANDLOG expresion
   60          | expresion . ARROBA expresion
   61          | expresion . XOR expresion
   62          | expresion . REL expresion
   63          | expresion . MASMENOS expresion
   64          | expresion . PORPOR expresion
   65          | expresion . PORPOT expresion
   66          | expresion . MULDIV expresion
   67          | expresion . EQN expresion
   68          | expresion . OPERMASMAS expresion ARROBA expresion

    $default  reduce usando la regla 53 (expresion)


Estado 83

   56 expresion: MENOSMENOS expresion .
   57          | expresion . MENOSMENOS expresion
   58          | expresion . ORLOG expresion
   59          | expresion . ANDLOG expresion
   60          | expresion . ARROBA expresion
   61          | expresion . XOR expresion
   62          | expresion . REL expresion
   63          | expresion . MASMENOS expresion
   64          | expresion . PORPOR expresion
   65          | expresion . PORPOT expresion
   66          | expresion . MULDIV expresion
   67          | expresion . EQN expresion
   68          | expresion . OPERMASMAS expresion ARROBA expresion

    MENOSMENOS  desplazar e ir al estado 99

    $default  reduce usando la regla 56 (expresion)


Estado 84

   54 expresion: NOT expresion .
   57          | expresion . MENOSMENOS expresion
   58          | expresion . ORLOG expresion
   59          | expresion . ANDLOG expresion
   60          | expresion . ARROBA expresion
   61          | expresion . XOR expresion
   62          | expresion . REL expresion
   63          | expresion . MASMENOS expresion
   64          | expresion . PORPOR expresion
   65          | expresion . PORPOT expresion
   66          | expresion . MULDIV expresion
   67          | expresion . EQN expresion
   68          | expresion . OPERMASMAS expresion ARROBA expresion

    $default  reduce usando la regla 54 (expresion)


Estado 85

   50 sentencia_lista: INT expresion . PYC
   55 expresion: INT expresion .
   57          | expresion . MENOSMENOS expresion
   58          | expresion . ORLOG expresion
   59          | expresion . ANDLOG expresion
   60          | expresion . ARROBA expresion
   61          | expresion . XOR expresion
   62          | expresion . REL expresion
   63          | expresion . MASMENOS expresion
   64          | expresion . PORPOR expresion
   65          | expresion . PORPOT expresion
   66          | expresion . MULDIV expresion
   67          | expresion . EQN expresion
   68          | expresion . OPERMASMAS expresion ARROBA expresion

    PYC  desplazar e ir al estado 119

    $default  reduce usando la regla 55 (expresion)


Estado 86

   51 sentencia_lista: DOLLAR expresion . PYC
   57 expresion: expresion . MENOSMENOS expresion
   58          | expresion . ORLOG expresion
   59          | expresion . ANDLOG expresion
   60          | expresion . ARROBA expresion
   61          | expresion . XOR expresion
   62          | expresion . REL expresion
   63          | expresion . MASMENOS expresion
   64          | expresion . PORPOR expresion
   65          | expresion . PORPOT expresion
   66          | expresion . MULDIV expresion
   67          | expresion . EQN expresion
   68          | expresion . OPERMASMAS expresion ARROBA expresion

    PYC         desplazar e ir al estado 120
    OPERMASMAS  desplazar e ir al estado 88
    ARROBA      desplazar e ir al estado 89
    ORLOG       desplazar e ir al estado 90
    ANDLOG      desplazar e ir al estado 91
    XOR         desplazar e ir al estado 92
    EQN         desplazar e ir al estado 93
    REL         desplazar e ir al estado 94
    PORPOR      desplazar e ir al estado 95
    PORPOT      desplazar e ir al estado 96
    MASMENOS    desplazar e ir al estado 97
    MULDIV      desplazar e ir al estado 98
    MENOSMENOS  desplazar e ir al estado 99


Estado 87

   49 sentencia_lista: expresion OPERLISTA . PYC

    PYC  desplazar e ir al estado 121


Estado 88

   68 expresion: expresion OPERMASMAS . expresion ARROBA expresion

    error        desplazar e ir al estado 30
    CONSTANTE    desplazar e ir al estado 37
    CORCHETEIZQ  desplazar e ir al estado 39
    PARIZQ       desplazar e ir al estado 40
    ID           desplazar e ir al estado 67
    MASMENOS     desplazar e ir al estado 42
    MENOSMENOS   desplazar e ir al estado 43
    NOT          desplazar e ir al estado 44
    INT          desplazar e ir al estado 68

    expresion  ir al estado 122
    funcion    ir al estado 58
    constante  ir al estado 59
    lista      ir al estado 60


Estado 89

   60 expresion: expresion ARROBA . expresion

    error        desplazar e ir al estado 30
    CONSTANTE    desplazar e ir al estado 37
    CORCHETEIZQ  desplazar e ir al estado 39
    PARIZQ       desplazar e ir al estado 40
    ID           desplazar e ir al estado 67
    MASMENOS     desplazar e ir al estado 42
    MENOSMENOS   desplazar e ir al estado 43
    NOT          desplazar e ir al estado 44
    INT          desplazar e ir al estado 68

    expresion  ir al estado 123
    funcion    ir al estado 58
    constante  ir al estado 59
    lista      ir al estado 60


Estado 90

   58 expresion: expresion ORLOG . expresion

    error        desplazar e ir al estado 30
    CONSTANTE    desplazar e ir al estado 37
    CORCHETEIZQ  desplazar e ir al estado 39
    PARIZQ       desplazar e ir al estado 40
    ID           desplazar e ir al estado 67
    MASMENOS     desplazar e ir al estado 42
    MENOSMENOS   desplazar e ir al estado 43
    NOT          desplazar e ir al estado 44
    INT          desplazar e ir al estado 68

    expresion  ir al estado 124
    funcion    ir al estado 58
    constante  ir al estado 59
    lista      ir al estado 60


Estado 91

   59 expresion: expresion ANDLOG . expresion

    error        desplazar e ir al estado 30
    CONSTANTE    desplazar e ir al estado 37
    CORCHETEIZQ  desplazar e ir al estado 39
    PARIZQ       desplazar e ir al estado 40
    ID           desplazar e ir al estado 67
    MASMENOS     desplazar e ir al estado 42
    MENOSMENOS   desplazar e ir al estado 43
    NOT          desplazar e ir al estado 44
    INT          desplazar e ir al estado 68

    expresion  ir al estado 125
    funcion    ir al estado 58
    constante  ir al estado 59
    lista      ir al estado 60


Estado 92

   61 expresion: expresion XOR . expresion

    error        desplazar e ir al estado 30
    CONSTANTE    desplazar e ir al estado 37
    CORCHETEIZQ  desplazar e ir al estado 39
    PARIZQ       desplazar e ir al estado 40
    ID           desplazar e ir al estado 67
    MASMENOS     desplazar e ir al estado 42
    MENOSMENOS   desplazar e ir al estado 43
    NOT          desplazar e ir al estado 44
    INT          desplazar e ir al estado 68

    expresion  ir al estado 126
    funcion    ir al estado 58
    constante  ir al estado 59
    lista      ir al estado 60


Estado 93

   67 expresion: expresion EQN . expresion

    error        desplazar e ir al estado 30
    CONSTANTE    desplazar e ir al estado 37
    CORCHETEIZQ  desplazar e ir al estado 39
    PARIZQ       desplazar e ir al estado 40
    ID           desplazar e ir al estado 67
    MASMENOS     desplazar e ir al estado 42
    MENOSMENOS   desplazar e ir al estado 43
    NOT          desplazar e ir al estado 44
    INT          desplazar e ir al estado 68

    expresion  ir al estado 127
    funcion    ir al estado 58
    constante  ir al estado 59
    lista      ir al estado 60


Estado 94

   62 expresion: expresion REL . expresion

    error        desplazar e ir al estado 30
    CONSTANTE    desplazar e ir al estado 37
    CORCHETEIZQ  desplazar e ir al estado 39
    PARIZQ       desplazar e ir al estado 40
    ID           desplazar e ir al estado 67
    MASMENOS     desplazar e ir al estado 42
    MENOSMENOS   desplazar e ir al estado 43
    NOT          desplazar e ir al estado 44
    INT          desplazar e ir al estado 68

    expresion  ir al estado 128
    funcion    ir al estado 58
    constante  ir al estado 59
    lista      ir al estado 60


Estado 95

   64 expresion: expresion PORPOR . expresion

    error        desplazar e ir al estado 30
    CONSTANTE    desplazar e ir al estado 37
    CORCHETEIZQ  desplazar e ir al estado 39
    PARIZQ       desplazar e ir al estado 40
    ID           desplazar e ir al estado 67
    MASMENOS     desplazar e ir al estado 42
    MENOSMENOS   desplazar e ir al estado 43
    NOT          desplazar e ir al estado 44
    INT          desplazar e ir al estado 68

    expresion  ir al estado 129
    funcion    ir al estado 58
    constante  ir al estado 59
    lista      ir al estado 60


Estado 96

   65 expresion: expresion PORPOT . expresion

    error        desplazar e ir al estado 30
    CONSTANTE    desplazar e ir al estado 37
    CORCHETEIZQ  desplazar e ir al estado 39
    PARIZQ       desplazar e ir al estado 40
    ID           desplazar e ir al estado 67
    MASMENOS     desplazar e ir al estado 42
    MENOSMENOS   desplazar e ir al estado 43
    NOT          desplazar e ir al estado 44
    INT          desplazar e ir al estado 68

    expresion  ir al estado 130
    funcion    ir al estado 58
    constante  ir al estado 59
    lista      ir al estado 60


Estado 97

   63 expresion: expresion MASMENOS . expresion

    error        desplazar e ir al estado 30
    CONSTANTE    desplazar e ir al estado 37
    CORCHETEIZQ  desplazar e ir al estado 39
    PARIZQ       desplazar e ir al estado 40
    ID           desplazar e ir al estado 67
    MASMENOS     desplazar e ir al estado 42
    MENOSMENOS   desplazar e ir al estado 43
    NOT          desplazar e ir al estado 44
    INT          desplazar e ir al estado 68

    expresion  ir al estado 131
    funcion    ir al estado 58
    constante  ir al estado 59
    lista      ir al estado 60


Estado 98

   66 expresion: expresion MULDIV . expresion

    error        desplazar e ir al estado 30
    CONSTANTE    desplazar e ir al estado 37
    CORCHETEIZQ  desplazar e ir al estado 39
    PARIZQ       desplazar e ir al estado 40
    ID           desplazar e ir al estado 67
    MASMENOS     desplazar e ir al estado 42
    MENOSMENOS   desplazar e ir al estado 43
    NOT          desplazar e ir al estado 44
    INT          desplazar e ir al estado 68

    expresion  ir al estado 132
    funcion    ir al estado 58
    constante  ir al estado 59
    lista      ir al estado 60


Estado 99

   57 expresion: expresion MENOSMENOS . expresion

    error        desplazar e ir al estado 30
    CONSTANTE    desplazar e ir al estado 37
    CORCHETEIZQ  desplazar e ir al estado 39
    PARIZQ       desplazar e ir al estado 40
    ID           desplazar e ir al estado 67
    MASMENOS     desplazar e ir al estado 42
    MENOSMENOS   desplazar e ir al estado 43
    NOT          desplazar e ir al estado 44
    INT          desplazar e ir al estado 68

    expresion  ir al estado 133
    funcion    ir al estado 58
    constante  ir al estado 59
    lista      ir al estado 60


Estado 100

   14 lista_variables: ID COMA lista_variables .

    $default  reduce usando la regla 14 (lista_variables)


Estado 101

   22 parametros: error .

    $default  reduce usando la regla 22 (parametros)


Estado 102

   21 parametros: tipo . ID

    ID  desplazar e ir al estado 134


Estado 103

   16 cabecera_subprog: tipo ID PARIZQ parametros . PARDER
   20 parametros: parametros . COMA tipo ID

    COMA    desplazar e ir al estado 135
    PARDER  desplazar e ir al estado 136


Estado 104

   39 sentencia_entrada: INPUT lista_id PYC .

    $default  reduce usando la regla 39 (sentencia_entrada)


Estado 105

   40 lista_id: lista_id COMA . ID

    ID  desplazar e ir al estado 137


Estado 106

   55 expresion: INT expresion .
   57          | expresion . MENOSMENOS expresion
   58          | expresion . ORLOG expresion
   59          | expresion . ANDLOG expresion
   60          | expresion . ARROBA expresion
   61          | expresion . XOR expresion
   62          | expresion . REL expresion
   63          | expresion . MASMENOS expresion
   64          | expresion . PORPOR expresion
   65          | expresion . PORPOT expresion
   66          | expresion . MULDIV expresion
   67          | expresion . EQN expresion
   68          | expresion . OPERMASMAS expresion ARROBA expresion

    $default  reduce usando la regla 55 (expresion)


Estado 107

   42 sentencia_salida: OUTPUT lista_expresion_cadena PYC .

    $default  reduce usando la regla 42 (sentencia_salida)


Estado 108

   43 lista_expresion_cadena: lista_expresion_cadena COMA . expresion_cadena

    error        desplazar e ir al estado 30
    CADENA       desplazar e ir al estado 66
    CONSTANTE    desplazar e ir al estado 37
    CORCHETEIZQ  desplazar e ir al estado 39
    PARIZQ       desplazar e ir al estado 40
    ID           desplazar e ir al estado 67
    MASMENOS     desplazar e ir al estado 42
    MENOSMENOS   desplazar e ir al estado 43
    NOT          desplazar e ir al estado 44
    INT          desplazar e ir al estado 68

    expresion_cadena  ir al estado 138
    expresion         ir al estado 71
    funcion           ir al estado 58
    constante         ir al estado 59
    lista             ir al estado 60


Estado 109

   47 sentencia_return: RETURN expresion PYC .

    $default  reduce usando la regla 47 (sentencia_return)


Estado 110

   35 sentencia_if: IF PARIZQ expresion . PARDER sentencia sentencia_else
   57 expresion: expresion . MENOSMENOS expresion
   58          | expresion . ORLOG expresion
   59          | expresion . ANDLOG expresion
   60          | expresion . ARROBA expresion
   61          | expresion . XOR expresion
   62          | expresion . REL expresion
   63          | expresion . MASMENOS expresion
   64          | expresion . PORPOR expresion
   65          | expresion . PORPOT expresion
   66          | expresion . MULDIV expresion
   67          | expresion . EQN expresion
   68          | expresion . OPERMASMAS expresion ARROBA expresion

    PARDER      desplazar e ir al estado 139
    OPERMASMAS  desplazar e ir al estado 88
    ARROBA      desplazar e ir al estado 89
    ORLOG       desplazar e ir al estado 90
    ANDLOG      desplazar e ir al estado 91
    XOR         desplazar e ir al estado 92
    EQN         desplazar e ir al estado 93
    REL         desplazar e ir al estado 94
    PORPOR      desplazar e ir al estado 95
    PORPOT      desplazar e ir al estado 96
    MASMENOS    desplazar e ir al estado 97
    MULDIV      desplazar e ir al estado 98
    MENOSMENOS  desplazar e ir al estado 99


Estado 111

   48 sentencia_repeat_until: REPEAT sentencia UNTIL . PARIZQ expresion PARDER PYC

    PARIZQ  desplazar e ir al estado 140


Estado 112

   38 sentencia_while: WHILE PARIZQ expresion . PARDER sentencia
   57 expresion: expresion . MENOSMENOS expresion
   58          | expresion . ORLOG expresion
   59          | expresion . ANDLOG expresion
   60          | expresion . ARROBA expresion
   61          | expresion . XOR expresion
   62          | expresion . REL expresion
   63          | expresion . MASMENOS expresion
   64          | expresion . PORPOR expresion
   65          | expresion . PORPOT expresion
   66          | expresion . MULDIV expresion
   67          | expresion . EQN expresion
   68          | expresion . OPERMASMAS expresion ARROBA expresion

    PARDER      desplazar e ir al estado 141
    OPERMASMAS  desplazar e ir al estado 88
    ARROBA      desplazar e ir al estado 89
    ORLOG       desplazar e ir al estado 90
    ANDLOG      desplazar e ir al estado 91
    XOR         desplazar e ir al estado 92
    EQN         desplazar e ir al estado 93
    REL         desplazar e ir al estado 94
    PORPOR      desplazar e ir al estado 95
    PORPOT      desplazar e ir al estado 96
    MASMENOS    desplazar e ir al estado 97
    MULDIV      desplazar e ir al estado 98
    MENOSMENOS  desplazar e ir al estado 99


Estado 113

   78 lista: CORCHETEIZQ lista_expresiones CORCHETEDER .

    $default  reduce usando la regla 78 (lista)


Estado 114

   18 lista_expresiones: lista_expresiones COMA . expresion

    error        desplazar e ir al estado 30
    CONSTANTE    desplazar e ir al estado 37
    CORCHETEIZQ  desplazar e ir al estado 39
    PARIZQ       desplazar e ir al estado 40
    ID           desplazar e ir al estado 67
    MASMENOS     desplazar e ir al estado 42
    MENOSMENOS   desplazar e ir al estado 43
    NOT          desplazar e ir al estado 44
    INT          desplazar e ir al estado 68

    expresion  ir al estado 142
    funcion    ir al estado 58
    constante  ir al estado 59
    lista      ir al estado 60


Estado 115

   52 expresion: PARIZQ expresion PARDER .

    $default  reduce usando la regla 52 (expresion)


Estado 116

   34 sentencia_asignacion: ID ASIGN expresion . PYC
   57 expresion: expresion . MENOSMENOS expresion
   58          | expresion . ORLOG expresion
   59          | expresion . ANDLOG expresion
   60          | expresion . ARROBA expresion
   61          | expresion . XOR expresion
   62          | expresion . REL expresion
   63          | expresion . MASMENOS expresion
   64          | expresion . PORPOR expresion
   65          | expresion . PORPOT expresion
   66          | expresion . MULDIV expresion
   67          | expresion . EQN expresion
   68          | expresion . OPERMASMAS expresion ARROBA expresion

    PYC         desplazar e ir al estado 143
    OPERMASMAS  desplazar e ir al estado 88
    ARROBA      desplazar e ir al estado 89
    ORLOG       desplazar e ir al estado 90
    ANDLOG      desplazar e ir al estado 91
    XOR         desplazar e ir al estado 92
    EQN         desplazar e ir al estado 93
    REL         desplazar e ir al estado 94
    PORPOR      desplazar e ir al estado 95
    PORPOT      desplazar e ir al estado 96
    MASMENOS    desplazar e ir al estado 97
    MULDIV      desplazar e ir al estado 98
    MENOSMENOS  desplazar e ir al estado 99


Estado 117

   18 lista_expresiones: lista_expresiones . COMA expresion
   74 argumentos: lista_expresiones .

    COMA  desplazar e ir al estado 114

    $default  reduce usando la regla 74 (argumentos)


Estado 118

   73 funcion: ID PARIZQ argumentos . PARDER

    PARDER  desplazar e ir al estado 144


Estado 119

   50 sentencia_lista: INT expresion PYC .

    $default  reduce usando la regla 50 (sentencia_lista)


Estado 120

   51 sentencia_lista: DOLLAR expresion PYC .

    $default  reduce usando la regla 51 (sentencia_lista)


Estado 121

   49 sentencia_lista: expresion OPERLISTA PYC .

    $default  reduce usando la regla 49 (sentencia_lista)


Estado 122

   57 expresion: expresion . MENOSMENOS expresion
   58          | expresion . ORLOG expresion
   59          | expresion . ANDLOG expresion
   60          | expresion . ARROBA expresion
   61          | expresion . XOR expresion
   62          | expresion . REL expresion
   63          | expresion . MASMENOS expresion
   64          | expresion . PORPOR expresion
   65          | expresion . PORPOT expresion
   66          | expresion . MULDIV expresion
   67          | expresion . EQN expresion
   68          | expresion . OPERMASMAS expresion ARROBA expresion
   68          | expresion OPERMASMAS expresion . ARROBA expresion

    OPERMASMAS  desplazar e ir al estado 88
    ARROBA      desplazar e ir al estado 145
    ORLOG       desplazar e ir al estado 90
    ANDLOG      desplazar e ir al estado 91
    XOR         desplazar e ir al estado 92
    EQN         desplazar e ir al estado 93
    REL         desplazar e ir al estado 94
    PORPOR      desplazar e ir al estado 95
    PORPOT      desplazar e ir al estado 96
    MASMENOS    desplazar e ir al estado 97
    MULDIV      desplazar e ir al estado 98
    MENOSMENOS  desplazar e ir al estado 99


Estado 123

   57 expresion: expresion . MENOSMENOS expresion
   58          | expresion . ORLOG expresion
   59          | expresion . ANDLOG expresion
   60          | expresion . ARROBA expresion
   60          | expresion ARROBA expresion .
   61          | expresion . XOR expresion
   62          | expresion . REL expresion
   63          | expresion . MASMENOS expresion
   64          | expresion . PORPOR expresion
   65          | expresion . PORPOT expresion
   66          | expresion . MULDIV expresion
   67          | expresion . EQN expresion
   68          | expresion . OPERMASMAS expresion ARROBA expresion

    OPERMASMAS  desplazar e ir al estado 88
    ARROBA      desplazar e ir al estado 89
    ORLOG       desplazar e ir al estado 90
    ANDLOG      desplazar e ir al estado 91
    XOR         desplazar e ir al estado 92
    EQN         desplazar e ir al estado 93
    REL         desplazar e ir al estado 94
    PORPOR      desplazar e ir al estado 95
    PORPOT      desplazar e ir al estado 96
    MASMENOS    desplazar e ir al estado 97
    MULDIV      desplazar e ir al estado 98
    MENOSMENOS  desplazar e ir al estado 99

    $default  reduce usando la regla 60 (expresion)


Estado 124

   57 expresion: expresion . MENOSMENOS expresion
   58          | expresion . ORLOG expresion
   58          | expresion ORLOG expresion .
   59          | expresion . ANDLOG expresion
   60          | expresion . ARROBA expresion
   61          | expresion . XOR expresion
   62          | expresion . REL expresion
   63          | expresion . MASMENOS expresion
   64          | expresion . PORPOR expresion
   65          | expresion . PORPOT expresion
   66          | expresion . MULDIV expresion
   67          | expresion . EQN expresion
   68          | expresion . OPERMASMAS expresion ARROBA expresion

    ANDLOG      desplazar e ir al estado 91
    XOR         desplazar e ir al estado 92
    EQN         desplazar e ir al estado 93
    REL         desplazar e ir al estado 94
    PORPOR      desplazar e ir al estado 95
    PORPOT      desplazar e ir al estado 96
    MASMENOS    desplazar e ir al estado 97
    MULDIV      desplazar e ir al estado 98
    MENOSMENOS  desplazar e ir al estado 99

    $default  reduce usando la regla 58 (expresion)


Estado 125

   57 expresion: expresion . MENOSMENOS expresion
   58          | expresion . ORLOG expresion
   59          | expresion . ANDLOG expresion
   59          | expresion ANDLOG expresion .
   60          | expresion . ARROBA expresion
   61          | expresion . XOR expresion
   62          | expresion . REL expresion
   63          | expresion . MASMENOS expresion
   64          | expresion . PORPOR expresion
   65          | expresion . PORPOT expresion
   66          | expresion . MULDIV expresion
   67          | expresion . EQN expresion
   68          | expresion . OPERMASMAS expresion ARROBA expresion

    XOR         desplazar e ir al estado 92
    EQN         desplazar e ir al estado 93
    REL         desplazar e ir al estado 94
    PORPOR      desplazar e ir al estado 95
    PORPOT      desplazar e ir al estado 96
    MASMENOS    desplazar e ir al estado 97
    MULDIV      desplazar e ir al estado 98
    MENOSMENOS  desplazar e ir al estado 99

    $default  reduce usando la regla 59 (expresion)


Estado 126

   57 expresion: expresion . MENOSMENOS expresion
   58          | expresion . ORLOG expresion
   59          | expresion . ANDLOG expresion
   60          | expresion . ARROBA expresion
   61          | expresion . XOR expresion
   61          | expresion XOR expresion .
   62          | expresion . REL expresion
   63          | expresion . MASMENOS expresion
   64          | expresion . PORPOR expresion
   65          | expresion . PORPOT expresion
   66          | expresion . MULDIV expresion
   67          | expresion . EQN expresion
   68          | expresion . OPERMASMAS expresion ARROBA expresion

    EQN         desplazar e ir al estado 93
    REL         desplazar e ir al estado 94
    PORPOR      desplazar e ir al estado 95
    PORPOT      desplazar e ir al estado 96
    MASMENOS    desplazar e ir al estado 97
    MULDIV      desplazar e ir al estado 98
    MENOSMENOS  desplazar e ir al estado 99

    $default  reduce usando la regla 61 (expresion)


Estado 127

   57 expresion: expresion . MENOSMENOS expresion
   58          | expresion . ORLOG expresion
   59          | expresion . ANDLOG expresion
   60          | expresion . ARROBA expresion
   61          | expresion . XOR expresion
   62          | expresion . REL expresion
   63          | expresion . MASMENOS expresion
   64          | expresion . PORPOR expresion
   65          | expresion . PORPOT expresion
   66          | expresion . MULDIV expresion
   67          | expresion . EQN expresion
   67          | expresion EQN expresion .
   68          | expresion . OPERMASMAS expresion ARROBA expresion

    REL         desplazar e ir al estado 94
    PORPOR      desplazar e ir al estado 95
    PORPOT      desplazar e ir al estado 96
    MASMENOS    desplazar e ir al estado 97
    MULDIV      desplazar e ir al estado 98
    MENOSMENOS  desplazar e ir al estado 99

    $default  reduce usando la regla 67 (expresion)


Estado 128

   57 expresion: expresion . MENOSMENOS expresion
   58          | expresion . ORLOG expresion
   59          | expresion . ANDLOG expresion
   60          | expresion . ARROBA expresion
   61          | expresion . XOR expresion
   62          | expresion . REL expresion
   62          | expresion REL expresion .
   63          | expresion . MASMENOS expresion
   64          | expresion . PORPOR expresion
   65          | expresion . PORPOT expresion
   66          | expresion . MULDIV expresion
   67          | expresion . EQN expresion
   68          | expresion . OPERMASMAS expresion ARROBA expresion

    PORPOR      desplazar e ir al estado 95
    PORPOT      desplazar e ir al estado 96
    MASMENOS    desplazar e ir al estado 97
    MULDIV      desplazar e ir al estado 98
    MENOSMENOS  desplazar e ir al estado 99

    $default  reduce usando la regla 62 (expresion)


Estado 129

   57 expresion: expresion . MENOSMENOS expresion
   58          | expresion . ORLOG expresion
   59          | expresion . ANDLOG expresion
   60          | expresion . ARROBA expresion
   61          | expresion . XOR expresion
   62          | expresion . REL expresion
   63          | expresion . MASMENOS expresion
   64          | expresion . PORPOR expresion
   64          | expresion PORPOR expresion .
   65          | expresion . PORPOT expresion
   66          | expresion . MULDIV expresion
   67          | expresion . EQN expresion
   68          | expresion . OPERMASMAS expresion ARROBA expresion

    PORPOT      desplazar e ir al estado 96
    MASMENOS    desplazar e ir al estado 97
    MULDIV      desplazar e ir al estado 98
    MENOSMENOS  desplazar e ir al estado 99

    $default  reduce usando la regla 64 (expresion)


Estado 130

   57 expresion: expresion . MENOSMENOS expresion
   58          | expresion . ORLOG expresion
   59          | expresion . ANDLOG expresion
   60          | expresion . ARROBA expresion
   61          | expresion . XOR expresion
   62          | expresion . REL expresion
   63          | expresion . MASMENOS expresion
   64          | expresion . PORPOR expresion
   65          | expresion . PORPOT expresion
   65          | expresion PORPOT expresion .
   66          | expresion . MULDIV expresion
   67          | expresion . EQN expresion
   68          | expresion . OPERMASMAS expresion ARROBA expresion

    MASMENOS    desplazar e ir al estado 97
    MULDIV      desplazar e ir al estado 98
    MENOSMENOS  desplazar e ir al estado 99

    $default  reduce usando la regla 65 (expresion)


Estado 131

   57 expresion: expresion . MENOSMENOS expresion
   58          | expresion . ORLOG expresion
   59          | expresion . ANDLOG expresion
   60          | expresion . ARROBA expresion
   61          | expresion . XOR expresion
   62          | expresion . REL expresion
   63          | expresion . MASMENOS expresion
   63          | expresion MASMENOS expresion .
   64          | expresion . PORPOR expresion
   65          | expresion . PORPOT expresion
   66          | expresion . MULDIV expresion
   67          | expresion . EQN expresion
   68          | expresion . OPERMASMAS expresion ARROBA expresion

    MULDIV      desplazar e ir al estado 98
    MENOSMENOS  desplazar e ir al estado 99

    $default  reduce usando la regla 63 (expresion)


Estado 132

   57 expresion: expresion . MENOSMENOS expresion
   58          | expresion . ORLOG expresion
   59          | expresion . ANDLOG expresion
   60          | expresion . ARROBA expresion
   61          | expresion . XOR expresion
   62          | expresion . REL expresion
   63          | expresion . MASMENOS expresion
   64          | expresion . PORPOR expresion
   65          | expresion . PORPOT expresion
   66          | expresion . MULDIV expresion
   66          | expresion MULDIV expresion .
   67          | expresion . EQN expresion
   68          | expresion . OPERMASMAS expresion ARROBA expresion

    MENOSMENOS  desplazar e ir al estado 99

    $default  reduce usando la regla 66 (expresion)


Estado 133

   57 expresion: expresion . MENOSMENOS expresion
   57          | expresion MENOSMENOS expresion .
   58          | expresion . ORLOG expresion
   59          | expresion . ANDLOG expresion
   60          | expresion . ARROBA expresion
   61          | expresion . XOR expresion
   62          | expresion . REL expresion
   63          | expresion . MASMENOS expresion
   64          | expresion . PORPOR expresion
   65          | expresion . PORPOT expresion
   66          | expresion . MULDIV expresion
   67          | expresion . EQN expresion
   68          | expresion . OPERMASMAS expresion ARROBA expresion

    MENOSMENOS  desplazar e ir al estado 99

    $default  reduce usando la regla 57 (expresion)


Estado 134

   21 parametros: tipo ID .

    $default  reduce usando la regla 21 (parametros)


Estado 135

   20 parametros: parametros COMA . tipo ID

    PRIMITIVO   desplazar e ir al estado 13
    ESTRUCTURA  desplazar e ir al estado 14

    tipo  ir al estado 146


Estado 136

   16 cabecera_subprog: tipo ID PARIZQ parametros PARDER .

    $default  reduce usando la regla 16 (cabecera_subprog)


Estado 137

   40 lista_id: lista_id COMA ID .

    $default  reduce usando la regla 40 (lista_id)


Estado 138

   43 lista_expresion_cadena: lista_expresion_cadena COMA expresion_cadena .

    $default  reduce usando la regla 43 (lista_expresion_cadena)


Estado 139

   35 sentencia_if: IF PARIZQ expresion PARDER . sentencia sentencia_else

    error         desplazar e ir al estado 30
    INPUT         desplazar e ir al estado 31
    OUTPUT        desplazar e ir al estado 32
    RETURN        desplazar e ir al estado 33
    IF            desplazar e ir al estado 34
    REPEAT        desplazar e ir al estado 35
    WHILE         desplazar e ir al estado 36
    CONSTANTE     desplazar e ir al estado 37
    INICIOBLOQUE  desplazar e ir al estado 6
    CORCHETEIZQ   desplazar e ir al estado 39
    PARIZQ        desplazar e ir al estado 40
    ID            desplazar e ir al estado 41
    MASMENOS      desplazar e ir al estado 42
    MENOSMENOS    desplazar e ir al estado 43
    NOT           desplazar e ir al estado 44
    INT           desplazar e ir al estado 45
    DOLLAR        desplazar e ir al estado 46

    bloque                  ir al estado 47
    sentencia               ir al estado 147
    sentencia_asignacion    ir al estado 49
    sentencia_if            ir al estado 50
    sentencia_while         ir al estado 51
    sentencia_entrada       ir al estado 52
    sentencia_salida        ir al estado 53
    sentencia_return        ir al estado 54
    sentencia_repeat_until  ir al estado 55
    sentencia_lista         ir al estado 56
    expresion               ir al estado 57
    funcion                 ir al estado 58
    constante               ir al estado 59
    lista                   ir al estado 60


Estado 140

   48 sentencia_repeat_until: REPEAT sentencia UNTIL PARIZQ . expresion PARDER PYC

    error        desplazar e ir al estado 30
    CONSTANTE    desplazar e ir al estado 37
    CORCHETEIZQ  desplazar e ir al estado 39
    PARIZQ       desplazar e ir al estado 40
    ID           desplazar e ir al estado 67
    MASMENOS     desplazar e ir al estado 42
    MENOSMENOS   desplazar e ir al estado 43
    NOT          desplazar e ir al estado 44
    INT          desplazar e ir al estado 68

    expresion  ir al estado 148
    funcion    ir al estado 58
    constante  ir al estado 59
    lista      ir al estado 60


Estado 141

   38 sentencia_while: WHILE PARIZQ expresion PARDER . sentencia

    error         desplazar e ir al estado 30
    INPUT         desplazar e ir al estado 31
    OUTPUT        desplazar e ir al estado 32
    RETURN        desplazar e ir al estado 33
    IF            desplazar e ir al estado 34
    REPEAT        desplazar e ir al estado 35
    WHILE         desplazar e ir al estado 36
    CONSTANTE     desplazar e ir al estado 37
    INICIOBLOQUE  desplazar e ir al estado 6
    CORCHETEIZQ   desplazar e ir al estado 39
    PARIZQ        desplazar e ir al estado 40
    ID            desplazar e ir al estado 41
    MASMENOS      desplazar e ir al estado 42
    MENOSMENOS    desplazar e ir al estado 43
    NOT           desplazar e ir al estado 44
    INT           desplazar e ir al estado 45
    DOLLAR        desplazar e ir al estado 46

    bloque                  ir al estado 47
    sentencia               ir al estado 149
    sentencia_asignacion    ir al estado 49
    sentencia_if            ir al estado 50
    sentencia_while         ir al estado 51
    sentencia_entrada       ir al estado 52
    sentencia_salida        ir al estado 53
    sentencia_return        ir al estado 54
    sentencia_repeat_until  ir al estado 55
    sentencia_lista         ir al estado 56
    expresion               ir al estado 57
    funcion                 ir al estado 58
    constante               ir al estado 59
    lista                   ir al estado 60


Estado 142

   18 lista_expresiones: lista_expresiones COMA expresion .
   57 expresion: expresion . MENOSMENOS expresion
   58          | expresion . ORLOG expresion
   59          | expresion . ANDLOG expresion
   60          | expresion . ARROBA expresion
   61          | expresion . XOR expresion
   62          | expresion . REL expresion
   63          | expresion . MASMENOS expresion
   64          | expresion . PORPOR expresion
   65          | expresion . PORPOT expresion
   66          | expresion . MULDIV expresion
   67          | expresion . EQN expresion
   68          | expresion . OPERMASMAS expresion ARROBA expresion

    OPERMASMAS  desplazar e ir al estado 88
    ARROBA      desplazar e ir al estado 89
    ORLOG       desplazar e ir al estado 90
    ANDLOG      desplazar e ir al estado 91
    XOR         desplazar e ir al estado 92
    EQN         desplazar e ir al estado 93
    REL         desplazar e ir al estado 94
    PORPOR      desplazar e ir al estado 95
    PORPOT      desplazar e ir al estado 96
    MASMENOS    desplazar e ir al estado 97
    MULDIV      desplazar e ir al estado 98
    MENOSMENOS  desplazar e ir al estado 99

    $default  reduce usando la regla 18 (lista_expresiones)


Estado 143

   34 sentencia_asignacion: ID ASIGN expresion PYC .

    $default  reduce usando la regla 34 (sentencia_asignacion)


Estado 144

   73 funcion: ID PARIZQ argumentos PARDER .

    $default  reduce usando la regla 73 (funcion)


Estado 145

   60 expresion: expresion ARROBA . expresion
   68          | expresion OPERMASMAS expresion ARROBA . expresion

    error        desplazar e ir al estado 30
    CONSTANTE    desplazar e ir al estado 37
    CORCHETEIZQ  desplazar e ir al estado 39
    PARIZQ       desplazar e ir al estado 40
    ID           desplazar e ir al estado 67
    MASMENOS     desplazar e ir al estado 42
    MENOSMENOS   desplazar e ir al estado 43
    NOT          desplazar e ir al estado 44
    INT          desplazar e ir al estado 68

    expresion  ir al estado 150
    funcion    ir al estado 58
    constante  ir al estado 59
    lista      ir al estado 60


Estado 146

   20 parametros: parametros COMA tipo . ID

    ID  desplazar e ir al estado 151


Estado 147

   35 sentencia_if: IF PARIZQ expresion PARDER sentencia . sentencia_else

    ELSE  desplazar e ir al estado 152

    ELSE      [reduce usando la regla 37 (sentencia_else)]
    $default  reduce usando la regla 37 (sentencia_else)

    sentencia_else  ir al estado 153


Estado 148

   48 sentencia_repeat_until: REPEAT sentencia UNTIL PARIZQ expresion . PARDER PYC
   57 expresion: expresion . MENOSMENOS expresion
   58          | expresion . ORLOG expresion
   59          | expresion . ANDLOG expresion
   60          | expresion . ARROBA expresion
   61          | expresion . XOR expresion
   62          | expresion . REL expresion
   63          | expresion . MASMENOS expresion
   64          | expresion . PORPOR expresion
   65          | expresion . PORPOT expresion
   66          | expresion . MULDIV expresion
   67          | expresion . EQN expresion
   68          | expresion . OPERMASMAS expresion ARROBA expresion

    PARDER      desplazar e ir al estado 154
    OPERMASMAS  desplazar e ir al estado 88
    ARROBA      desplazar e ir al estado 89
    ORLOG       desplazar e ir al estado 90
    ANDLOG      desplazar e ir al estado 91
    XOR         desplazar e ir al estado 92
    EQN         desplazar e ir al estado 93
    REL         desplazar e ir al estado 94
    PORPOR      desplazar e ir al estado 95
    PORPOT      desplazar e ir al estado 96
    MASMENOS    desplazar e ir al estado 97
    MULDIV      desplazar e ir al estado 98
    MENOSMENOS  desplazar e ir al estado 99


Estado 149

   38 sentencia_while: WHILE PARIZQ expresion PARDER sentencia .

    $default  reduce usando la regla 38 (sentencia_while)


Estado 150

   57 expresion: expresion . MENOSMENOS expresion
   58          | expresion . ORLOG expresion
   59          | expresion . ANDLOG expresion
   60          | expresion . ARROBA expresion
   60          | expresion ARROBA expresion .
   61          | expresion . XOR expresion
   62          | expresion . REL expresion
   63          | expresion . MASMENOS expresion
   64          | expresion . PORPOR expresion
   65          | expresion . PORPOT expresion
   66          | expresion . MULDIV expresion
   67          | expresion . EQN expresion
   68          | expresion . OPERMASMAS expresion ARROBA expresion
   68          | expresion OPERMASMAS expresion ARROBA expresion .

    OPERMASMAS  desplazar e ir al estado 88
    ARROBA      desplazar e ir al estado 89
    ORLOG       desplazar e ir al estado 90
    ANDLOG      desplazar e ir al estado 91
    XOR         desplazar e ir al estado 92
    EQN         desplazar e ir al estado 93
    REL         desplazar e ir al estado 94
    PORPOR      desplazar e ir al estado 95
    PORPOT      desplazar e ir al estado 96
    MASMENOS    desplazar e ir al estado 97
    MULDIV      desplazar e ir al estado 98
    MENOSMENOS  desplazar e ir al estado 99

    $default  reduce usando la regla 68 (expresion)


Estado 151

   20 parametros: parametros COMA tipo ID .

    $default  reduce usando la regla 20 (parametros)


Estado 152

   36 sentencia_else: ELSE . sentencia

    error         desplazar e ir al estado 30
    INPUT         desplazar e ir al estado 31
    OUTPUT        desplazar e ir al estado 32
    RETURN        desplazar e ir al estado 33
    IF            desplazar e ir al estado 34
    REPEAT        desplazar e ir al estado 35
    WHILE         desplazar e ir al estado 36
    CONSTANTE     desplazar e ir al estado 37
    INICIOBLOQUE  desplazar e ir al estado 6
    CORCHETEIZQ   desplazar e ir al estado 39
    PARIZQ        desplazar e ir al estado 40
    ID            desplazar e ir al estado 41
    MASMENOS      desplazar e ir al estado 42
    MENOSMENOS    desplazar e ir al estado 43
    NOT           desplazar e ir al estado 44
    INT           desplazar e ir al estado 45
    DOLLAR        desplazar e ir al estado 46

    bloque                  ir al estado 47
    sentencia               ir al estado 155
    sentencia_asignacion    ir al estado 49
    sentencia_if            ir al estado 50
    sentencia_while         ir al estado 51
    sentencia_entrada       ir al estado 52
    sentencia_salida        ir al estado 53
    sentencia_return        ir al estado 54
    sentencia_repeat_until  ir al estado 55
    sentencia_lista         ir al estado 56
    expresion               ir al estado 57
    funcion                 ir al estado 58
    constante               ir al estado 59
    lista                   ir al estado 60


Estado 153

   35 sentencia_if: IF PARIZQ expresion PARDER sentencia sentencia_else .

    $default  reduce usando la regla 35 (sentencia_if)


Estado 154

   48 sentencia_repeat_until: REPEAT sentencia UNTIL PARIZQ expresion PARDER . PYC

    PYC  desplazar e ir al estado 156


Estado 155

   36 sentencia_else: ELSE sentencia .

    $default  reduce usando la regla 36 (sentencia_else)


Estado 156

   48 sentencia_repeat_until: REPEAT sentencia UNTIL PARIZQ expresion PARDER PYC .

    $default  reduce usando la regla 48 (sentencia_repeat_until)
