Terminales no usados en la gram치tica

    BAR


Estado 12 conflictos: 1 desplazamiento/reducci칩n
Estado 150 conflictos: 1 desplazamiento/reducci칩n


Gram치tica

    0 $accept: programa $end

    1 programa: MAIN PARIZQ PARDER bloque

    2 $@1: %empty

    3 bloque: INICIOBLOQUE $@1 declar_de_variables_locales declar_de_subprogs sentencias FINBLOQUE

    4 declar_de_subprogs: declar_de_subprogs declar_subprog
    5                   | %empty

    6 $@2: %empty

    7 declar_subprog: cabecera_subprog $@2 bloque

    8 declar_de_variables_locales: VAR INICIOBLOQUE variables_locales FINBLOQUE
    9                            | %empty

   10 variables_locales: variables_locales cuerpo_declar_variables
   11                  | cuerpo_declar_variables

   12 $@3: %empty

   13 cuerpo_declar_variables: tipo $@3 lista_variables PYC
   14                        | error

   15 tipo: PRIMITIVO
   16     | ESTRUCTURA tipo

   17 lista_variables: ID COMA lista_variables
   18                | ID

   19 $@4: %empty

   20 cabecera_subprog: tipo ID $@4 PARIZQ parametros PARDER
   21                 | error

   22 lista_expresiones: lista_expresiones COMA expresion
   23                  | expresion

   24 parametros: parametros COMA tipo ID
   25           | tipo ID
   26           | error

   27 sentencias: sentencias sentencia
   28           | %empty

   29 sentencia: bloque
   30          | sentencia_asignacion
   31          | sentencia_if
   32          | sentencia_while
   33          | sentencia_entrada
   34          | sentencia_salida
   35          | sentencia_return
   36          | sentencia_repeat_until
   37          | sentencia_lista

   38 sentencia_asignacion: ID ASIGN expresion PYC

   39 sentencia_if: IF PARIZQ expresion PARDER sentencia sentencia_else

   40 sentencia_else: ELSE sentencia
   41               | %empty

   42 sentencia_while: WHILE PARIZQ expresion PARDER sentencia

   43 sentencia_entrada: INPUT lista_id PYC

   44 lista_id: lista_id COMA ID
   45         | ID

   46 sentencia_salida: OUTPUT lista_expresion_cadena PYC

   47 lista_expresion_cadena: lista_expresion_cadena COMA expresion_cadena
   48                       | expresion_cadena

   49 expresion_cadena: expresion
   50                 | CADENA

   51 sentencia_return: RETURN expresion PYC

   52 sentencia_repeat_until: REPEAT sentencia UNTIL PARIZQ expresion PARDER PYC

   53 sentencia_lista: expresion OPERLISTA PYC
   54                | INT expresion PYC
   55                | DOLLAR expresion PYC

   56 expresion: PARIZQ expresion PARDER
   57          | MASMENOS expresion
   58          | NOT expresion
   59          | INT expresion
   60          | MENOSMENOS expresion
   61          | expresion MENOSMENOS expresion
   62          | expresion ORLOG expresion
   63          | expresion ANDLOG expresion
   64          | expresion ARROBA expresion
   65          | expresion XOR expresion
   66          | expresion REL expresion
   67          | expresion MASMENOS expresion
   68          | expresion PORPOR expresion
   69          | expresion PORPOT expresion
   70          | expresion MULDIV expresion
   71          | expresion EQN expresion
   72          | expresion OPERMASMAS expresion ARROBA expresion
   73          | ID
   74          | constante
   75          | funcion
   76          | error

   77 funcion: ID PARIZQ argumentos PARDER

   78 argumentos: lista_expresiones
   79           | %empty

   80 constante: CONSTANTE
   81          | lista

   82 lista: CORCHETEIZQ lista_expresiones CORCHETEDER
   83      | CORCHETEIZQ CORCHETEDER


Terminales con las reglas donde aparecen

    $end (0) 0
    error (256) 14 21 26 76
    MAIN (258) 1
    VAR (259) 8
    PRIMITIVO (260) 15
    PYC (261) 13 38 43 46 51 52 53 54 55
    INPUT (262) 43
    OUTPUT (263) 46
    CADENA (264) 50
    RETURN (265) 51
    IF (266) 39
    ELSE (267) 40
    REPEAT (268) 52
    UNTIL (269) 52
    WHILE (270) 42
    OPERLISTA (271) 53
    CONSTANTE (272) 80
    INICIOBLOQUE (273) 3 8
    FINBLOQUE (274) 3 8
    CORCHETEIZQ (275) 82 83
    CORCHETEDER (276) 82 83
    COMA (277) 17 22 24 44 47
    ASIGN (278) 38
    PARDER (279) 1 20 39 42 52 56 77
    PARIZQ (280) 1 20 39 42 52 56 77
    ESTRUCTURA (281) 16
    ID (282) 17 18 20 24 25 38 44 45 73 77
    OPERMASMAS (283) 72
    ARROBA (284) 64 72
    ORLOG (285) 62
    ANDLOG (286) 63
    XOR (287) 65
    EQN (288) 71
    REL (289) 66
    PORPOR (290) 68
    PORPOT (291) 69
    MASMENOS (292) 57 67
    MULDIV (293) 70
    MENOSMENOS (294) 60 61
    NOT (295) 58
    INT (296) 54 59
    DOLLAR (297) 55
    BAR (298)


No terminales con las reglas donde aparecen

    $accept (44)
        on left: 0
    programa (45)
        on left: 1
        on right: 0
    bloque (46)
        on left: 3
        on right: 1 7 29
    $@1 (47)
        on left: 2
        on right: 3
    declar_de_subprogs (48)
        on left: 4 5
        on right: 3 4
    declar_subprog (49)
        on left: 7
        on right: 4
    $@2 (50)
        on left: 6
        on right: 7
    declar_de_variables_locales (51)
        on left: 8 9
        on right: 3
    variables_locales (52)
        on left: 10 11
        on right: 8 10
    cuerpo_declar_variables (53)
        on left: 13 14
        on right: 10 11
    $@3 (54)
        on left: 12
        on right: 13
    tipo (55)
        on left: 15 16
        on right: 13 16 20 24 25
    lista_variables (56)
        on left: 17 18
        on right: 13 17
    cabecera_subprog (57)
        on left: 20 21
        on right: 7
    $@4 (58)
        on left: 19
        on right: 20
    lista_expresiones (59)
        on left: 22 23
        on right: 22 78 82
    parametros (60)
        on left: 24 25 26
        on right: 20 24
    sentencias (61)
        on left: 27 28
        on right: 3 27
    sentencia (62)
        on left: 29 30 31 32 33 34 35 36 37
        on right: 27 39 40 42 52
    sentencia_asignacion (63)
        on left: 38
        on right: 30
    sentencia_if (64)
        on left: 39
        on right: 31
    sentencia_else (65)
        on left: 40 41
        on right: 39
    sentencia_while (66)
        on left: 42
        on right: 32
    sentencia_entrada (67)
        on left: 43
        on right: 33
    lista_id (68)
        on left: 44 45
        on right: 43 44
    sentencia_salida (69)
        on left: 46
        on right: 34
    lista_expresion_cadena (70)
        on left: 47 48
        on right: 46 47
    expresion_cadena (71)
        on left: 49 50
        on right: 47 48
    sentencia_return (72)
        on left: 51
        on right: 35
    sentencia_repeat_until (73)
        on left: 52
        on right: 36
    sentencia_lista (74)
        on left: 53 54 55
        on right: 37
    expresion (75)
        on left: 56 57 58 59 60 61 62 63 64 65 66 67 68 69 70 71 72 73 74 75 76
        on right: 22 23 38 39 42 49 51 52 53 54 55 56 57 58 59 60 61 62 63 64 65 66 67 68 69 70 71 72
    funcion (76)
        on left: 77
        on right: 75
    argumentos (77)
        on left: 78 79
        on right: 77
    constante (78)
        on left: 80 81
        on right: 74
    lista (79)
        on left: 82 83
        on right: 81


Estado 0

    0 $accept: . programa $end

    MAIN  desplazar e ir al estado 1

    programa  ir al estado 2


Estado 1

    1 programa: MAIN . PARIZQ PARDER bloque

    PARIZQ  desplazar e ir al estado 3


Estado 2

    0 $accept: programa . $end

    $end  desplazar e ir al estado 4


Estado 3

    1 programa: MAIN PARIZQ . PARDER bloque

    PARDER  desplazar e ir al estado 5


Estado 4

    0 $accept: programa $end .

    $default  aceptar


Estado 5

    1 programa: MAIN PARIZQ PARDER . bloque

    INICIOBLOQUE  desplazar e ir al estado 6

    bloque  ir al estado 7


Estado 6

    3 bloque: INICIOBLOQUE . $@1 declar_de_variables_locales declar_de_subprogs sentencias FINBLOQUE

    $default  reduce usando la regla 2 ($@1)

    $@1  ir al estado 8


Estado 7

    1 programa: MAIN PARIZQ PARDER bloque .

    $default  reduce usando la regla 1 (programa)


Estado 8

    3 bloque: INICIOBLOQUE $@1 . declar_de_variables_locales declar_de_subprogs sentencias FINBLOQUE

    VAR  desplazar e ir al estado 9

    $default  reduce usando la regla 9 (declar_de_variables_locales)

    declar_de_variables_locales  ir al estado 10


Estado 9

    8 declar_de_variables_locales: VAR . INICIOBLOQUE variables_locales FINBLOQUE

    INICIOBLOQUE  desplazar e ir al estado 11


Estado 10

    3 bloque: INICIOBLOQUE $@1 declar_de_variables_locales . declar_de_subprogs sentencias FINBLOQUE

    $default  reduce usando la regla 5 (declar_de_subprogs)

    declar_de_subprogs  ir al estado 12


Estado 11

    8 declar_de_variables_locales: VAR INICIOBLOQUE . variables_locales FINBLOQUE

    error       desplazar e ir al estado 13
    PRIMITIVO   desplazar e ir al estado 14
    ESTRUCTURA  desplazar e ir al estado 15

    variables_locales        ir al estado 16
    cuerpo_declar_variables  ir al estado 17
    tipo                     ir al estado 18


Estado 12

    3 bloque: INICIOBLOQUE $@1 declar_de_variables_locales declar_de_subprogs . sentencias FINBLOQUE
    4 declar_de_subprogs: declar_de_subprogs . declar_subprog

    error       desplazar e ir al estado 19
    PRIMITIVO   desplazar e ir al estado 14
    ESTRUCTURA  desplazar e ir al estado 15

    error         [reduce usando la regla 28 (sentencias)]
    INPUT         reduce usando la regla 28 (sentencias)
    OUTPUT        reduce usando la regla 28 (sentencias)
    RETURN        reduce usando la regla 28 (sentencias)
    IF            reduce usando la regla 28 (sentencias)
    REPEAT        reduce usando la regla 28 (sentencias)
    WHILE         reduce usando la regla 28 (sentencias)
    CONSTANTE     reduce usando la regla 28 (sentencias)
    INICIOBLOQUE  reduce usando la regla 28 (sentencias)
    FINBLOQUE     reduce usando la regla 28 (sentencias)
    CORCHETEIZQ   reduce usando la regla 28 (sentencias)
    PARIZQ        reduce usando la regla 28 (sentencias)
    ID            reduce usando la regla 28 (sentencias)
    MASMENOS      reduce usando la regla 28 (sentencias)
    MENOSMENOS    reduce usando la regla 28 (sentencias)
    NOT           reduce usando la regla 28 (sentencias)
    INT           reduce usando la regla 28 (sentencias)
    DOLLAR        reduce usando la regla 28 (sentencias)

    declar_subprog    ir al estado 20
    tipo              ir al estado 21
    cabecera_subprog  ir al estado 22
    sentencias        ir al estado 23


Estado 13

   14 cuerpo_declar_variables: error .

    $default  reduce usando la regla 14 (cuerpo_declar_variables)


Estado 14

   15 tipo: PRIMITIVO .

    $default  reduce usando la regla 15 (tipo)


Estado 15

   16 tipo: ESTRUCTURA . tipo

    PRIMITIVO   desplazar e ir al estado 14
    ESTRUCTURA  desplazar e ir al estado 15

    tipo  ir al estado 24


Estado 16

    8 declar_de_variables_locales: VAR INICIOBLOQUE variables_locales . FINBLOQUE
   10 variables_locales: variables_locales . cuerpo_declar_variables

    error       desplazar e ir al estado 13
    PRIMITIVO   desplazar e ir al estado 14
    FINBLOQUE   desplazar e ir al estado 25
    ESTRUCTURA  desplazar e ir al estado 15

    cuerpo_declar_variables  ir al estado 26
    tipo                     ir al estado 18


Estado 17

   11 variables_locales: cuerpo_declar_variables .

    $default  reduce usando la regla 11 (variables_locales)


Estado 18

   13 cuerpo_declar_variables: tipo . $@3 lista_variables PYC

    $default  reduce usando la regla 12 ($@3)

    $@3  ir al estado 27


Estado 19

   21 cabecera_subprog: error .

    $default  reduce usando la regla 21 (cabecera_subprog)


Estado 20

    4 declar_de_subprogs: declar_de_subprogs declar_subprog .

    $default  reduce usando la regla 4 (declar_de_subprogs)


Estado 21

   20 cabecera_subprog: tipo . ID $@4 PARIZQ parametros PARDER

    ID  desplazar e ir al estado 28


Estado 22

    7 declar_subprog: cabecera_subprog . $@2 bloque

    $default  reduce usando la regla 6 ($@2)

    $@2  ir al estado 29


Estado 23

    3 bloque: INICIOBLOQUE $@1 declar_de_variables_locales declar_de_subprogs sentencias . FINBLOQUE
   27 sentencias: sentencias . sentencia

    error         desplazar e ir al estado 30
    INPUT         desplazar e ir al estado 31
    OUTPUT        desplazar e ir al estado 32
    RETURN        desplazar e ir al estado 33
    IF            desplazar e ir al estado 34
    REPEAT        desplazar e ir al estado 35
    WHILE         desplazar e ir al estado 36
    CONSTANTE     desplazar e ir al estado 37
    INICIOBLOQUE  desplazar e ir al estado 6
    FINBLOQUE     desplazar e ir al estado 38
    CORCHETEIZQ   desplazar e ir al estado 39
    PARIZQ        desplazar e ir al estado 40
    ID            desplazar e ir al estado 41
    MASMENOS      desplazar e ir al estado 42
    MENOSMENOS    desplazar e ir al estado 43
    NOT           desplazar e ir al estado 44
    INT           desplazar e ir al estado 45
    DOLLAR        desplazar e ir al estado 46

    bloque                  ir al estado 47
    sentencia               ir al estado 48
    sentencia_asignacion    ir al estado 49
    sentencia_if            ir al estado 50
    sentencia_while         ir al estado 51
    sentencia_entrada       ir al estado 52
    sentencia_salida        ir al estado 53
    sentencia_return        ir al estado 54
    sentencia_repeat_until  ir al estado 55
    sentencia_lista         ir al estado 56
    expresion               ir al estado 57
    funcion                 ir al estado 58
    constante               ir al estado 59
    lista                   ir al estado 60


Estado 24

   16 tipo: ESTRUCTURA tipo .

    $default  reduce usando la regla 16 (tipo)


Estado 25

    8 declar_de_variables_locales: VAR INICIOBLOQUE variables_locales FINBLOQUE .

    $default  reduce usando la regla 8 (declar_de_variables_locales)


Estado 26

   10 variables_locales: variables_locales cuerpo_declar_variables .

    $default  reduce usando la regla 10 (variables_locales)


Estado 27

   13 cuerpo_declar_variables: tipo $@3 . lista_variables PYC

    ID  desplazar e ir al estado 61

    lista_variables  ir al estado 62


Estado 28

   20 cabecera_subprog: tipo ID . $@4 PARIZQ parametros PARDER

    $default  reduce usando la regla 19 ($@4)

    $@4  ir al estado 63


Estado 29

    7 declar_subprog: cabecera_subprog $@2 . bloque

    INICIOBLOQUE  desplazar e ir al estado 6

    bloque  ir al estado 64


Estado 30

   76 expresion: error .

    $default  reduce usando la regla 76 (expresion)


Estado 31

   43 sentencia_entrada: INPUT . lista_id PYC

    ID  desplazar e ir al estado 65

    lista_id  ir al estado 66


Estado 32

   46 sentencia_salida: OUTPUT . lista_expresion_cadena PYC

    error        desplazar e ir al estado 30
    CADENA       desplazar e ir al estado 67
    CONSTANTE    desplazar e ir al estado 37
    CORCHETEIZQ  desplazar e ir al estado 39
    PARIZQ       desplazar e ir al estado 40
    ID           desplazar e ir al estado 68
    MASMENOS     desplazar e ir al estado 42
    MENOSMENOS   desplazar e ir al estado 43
    NOT          desplazar e ir al estado 44
    INT          desplazar e ir al estado 69

    lista_expresion_cadena  ir al estado 70
    expresion_cadena        ir al estado 71
    expresion               ir al estado 72
    funcion                 ir al estado 58
    constante               ir al estado 59
    lista                   ir al estado 60


Estado 33

   51 sentencia_return: RETURN . expresion PYC

    error        desplazar e ir al estado 30
    CONSTANTE    desplazar e ir al estado 37
    CORCHETEIZQ  desplazar e ir al estado 39
    PARIZQ       desplazar e ir al estado 40
    ID           desplazar e ir al estado 68
    MASMENOS     desplazar e ir al estado 42
    MENOSMENOS   desplazar e ir al estado 43
    NOT          desplazar e ir al estado 44
    INT          desplazar e ir al estado 69

    expresion  ir al estado 73
    funcion    ir al estado 58
    constante  ir al estado 59
    lista      ir al estado 60


Estado 34

   39 sentencia_if: IF . PARIZQ expresion PARDER sentencia sentencia_else

    PARIZQ  desplazar e ir al estado 74


Estado 35

   52 sentencia_repeat_until: REPEAT . sentencia UNTIL PARIZQ expresion PARDER PYC

    error         desplazar e ir al estado 30
    INPUT         desplazar e ir al estado 31
    OUTPUT        desplazar e ir al estado 32
    RETURN        desplazar e ir al estado 33
    IF            desplazar e ir al estado 34
    REPEAT        desplazar e ir al estado 35
    WHILE         desplazar e ir al estado 36
    CONSTANTE     desplazar e ir al estado 37
    INICIOBLOQUE  desplazar e ir al estado 6
    CORCHETEIZQ   desplazar e ir al estado 39
    PARIZQ        desplazar e ir al estado 40
    ID            desplazar e ir al estado 41
    MASMENOS      desplazar e ir al estado 42
    MENOSMENOS    desplazar e ir al estado 43
    NOT           desplazar e ir al estado 44
    INT           desplazar e ir al estado 45
    DOLLAR        desplazar e ir al estado 46

    bloque                  ir al estado 47
    sentencia               ir al estado 75
    sentencia_asignacion    ir al estado 49
    sentencia_if            ir al estado 50
    sentencia_while         ir al estado 51
    sentencia_entrada       ir al estado 52
    sentencia_salida        ir al estado 53
    sentencia_return        ir al estado 54
    sentencia_repeat_until  ir al estado 55
    sentencia_lista         ir al estado 56
    expresion               ir al estado 57
    funcion                 ir al estado 58
    constante               ir al estado 59
    lista                   ir al estado 60


Estado 36

   42 sentencia_while: WHILE . PARIZQ expresion PARDER sentencia

    PARIZQ  desplazar e ir al estado 76


Estado 37

   80 constante: CONSTANTE .

    $default  reduce usando la regla 80 (constante)


Estado 38

    3 bloque: INICIOBLOQUE $@1 declar_de_variables_locales declar_de_subprogs sentencias FINBLOQUE .

    $default  reduce usando la regla 3 (bloque)


Estado 39

   82 lista: CORCHETEIZQ . lista_expresiones CORCHETEDER
   83      | CORCHETEIZQ . CORCHETEDER

    error        desplazar e ir al estado 30
    CONSTANTE    desplazar e ir al estado 37
    CORCHETEIZQ  desplazar e ir al estado 39
    CORCHETEDER  desplazar e ir al estado 77
    PARIZQ       desplazar e ir al estado 40
    ID           desplazar e ir al estado 68
    MASMENOS     desplazar e ir al estado 42
    MENOSMENOS   desplazar e ir al estado 43
    NOT          desplazar e ir al estado 44
    INT          desplazar e ir al estado 69

    lista_expresiones  ir al estado 78
    expresion          ir al estado 79
    funcion            ir al estado 58
    constante          ir al estado 59
    lista              ir al estado 60


Estado 40

   56 expresion: PARIZQ . expresion PARDER

    error        desplazar e ir al estado 30
    CONSTANTE    desplazar e ir al estado 37
    CORCHETEIZQ  desplazar e ir al estado 39
    PARIZQ       desplazar e ir al estado 40
    ID           desplazar e ir al estado 68
    MASMENOS     desplazar e ir al estado 42
    MENOSMENOS   desplazar e ir al estado 43
    NOT          desplazar e ir al estado 44
    INT          desplazar e ir al estado 69

    expresion  ir al estado 80
    funcion    ir al estado 58
    constante  ir al estado 59
    lista      ir al estado 60


Estado 41

   38 sentencia_asignacion: ID . ASIGN expresion PYC
   73 expresion: ID .
   77 funcion: ID . PARIZQ argumentos PARDER

    ASIGN   desplazar e ir al estado 81
    PARIZQ  desplazar e ir al estado 82

    $default  reduce usando la regla 73 (expresion)


Estado 42

   57 expresion: MASMENOS . expresion

    error        desplazar e ir al estado 30
    CONSTANTE    desplazar e ir al estado 37
    CORCHETEIZQ  desplazar e ir al estado 39
    PARIZQ       desplazar e ir al estado 40
    ID           desplazar e ir al estado 68
    MASMENOS     desplazar e ir al estado 42
    MENOSMENOS   desplazar e ir al estado 43
    NOT          desplazar e ir al estado 44
    INT          desplazar e ir al estado 69

    expresion  ir al estado 83
    funcion    ir al estado 58
    constante  ir al estado 59
    lista      ir al estado 60


Estado 43

   60 expresion: MENOSMENOS . expresion

    error        desplazar e ir al estado 30
    CONSTANTE    desplazar e ir al estado 37
    CORCHETEIZQ  desplazar e ir al estado 39
    PARIZQ       desplazar e ir al estado 40
    ID           desplazar e ir al estado 68
    MASMENOS     desplazar e ir al estado 42
    MENOSMENOS   desplazar e ir al estado 43
    NOT          desplazar e ir al estado 44
    INT          desplazar e ir al estado 69

    expresion  ir al estado 84
    funcion    ir al estado 58
    constante  ir al estado 59
    lista      ir al estado 60


Estado 44

   58 expresion: NOT . expresion

    error        desplazar e ir al estado 30
    CONSTANTE    desplazar e ir al estado 37
    CORCHETEIZQ  desplazar e ir al estado 39
    PARIZQ       desplazar e ir al estado 40
    ID           desplazar e ir al estado 68
    MASMENOS     desplazar e ir al estado 42
    MENOSMENOS   desplazar e ir al estado 43
    NOT          desplazar e ir al estado 44
    INT          desplazar e ir al estado 69

    expresion  ir al estado 85
    funcion    ir al estado 58
    constante  ir al estado 59
    lista      ir al estado 60


Estado 45

   54 sentencia_lista: INT . expresion PYC
   59 expresion: INT . expresion

    error        desplazar e ir al estado 30
    CONSTANTE    desplazar e ir al estado 37
    CORCHETEIZQ  desplazar e ir al estado 39
    PARIZQ       desplazar e ir al estado 40
    ID           desplazar e ir al estado 68
    MASMENOS     desplazar e ir al estado 42
    MENOSMENOS   desplazar e ir al estado 43
    NOT          desplazar e ir al estado 44
    INT          desplazar e ir al estado 69

    expresion  ir al estado 86
    funcion    ir al estado 58
    constante  ir al estado 59
    lista      ir al estado 60


Estado 46

   55 sentencia_lista: DOLLAR . expresion PYC

    error        desplazar e ir al estado 30
    CONSTANTE    desplazar e ir al estado 37
    CORCHETEIZQ  desplazar e ir al estado 39
    PARIZQ       desplazar e ir al estado 40
    ID           desplazar e ir al estado 68
    MASMENOS     desplazar e ir al estado 42
    MENOSMENOS   desplazar e ir al estado 43
    NOT          desplazar e ir al estado 44
    INT          desplazar e ir al estado 69

    expresion  ir al estado 87
    funcion    ir al estado 58
    constante  ir al estado 59
    lista      ir al estado 60


Estado 47

   29 sentencia: bloque .

    $default  reduce usando la regla 29 (sentencia)


Estado 48

   27 sentencias: sentencias sentencia .

    $default  reduce usando la regla 27 (sentencias)


Estado 49

   30 sentencia: sentencia_asignacion .

    $default  reduce usando la regla 30 (sentencia)


Estado 50

   31 sentencia: sentencia_if .

    $default  reduce usando la regla 31 (sentencia)


Estado 51

   32 sentencia: sentencia_while .

    $default  reduce usando la regla 32 (sentencia)


Estado 52

   33 sentencia: sentencia_entrada .

    $default  reduce usando la regla 33 (sentencia)


Estado 53

   34 sentencia: sentencia_salida .

    $default  reduce usando la regla 34 (sentencia)


Estado 54

   35 sentencia: sentencia_return .

    $default  reduce usando la regla 35 (sentencia)


Estado 55

   36 sentencia: sentencia_repeat_until .

    $default  reduce usando la regla 36 (sentencia)


Estado 56

   37 sentencia: sentencia_lista .

    $default  reduce usando la regla 37 (sentencia)


Estado 57

   53 sentencia_lista: expresion . OPERLISTA PYC
   61 expresion: expresion . MENOSMENOS expresion
   62          | expresion . ORLOG expresion
   63          | expresion . ANDLOG expresion
   64          | expresion . ARROBA expresion
   65          | expresion . XOR expresion
   66          | expresion . REL expresion
   67          | expresion . MASMENOS expresion
   68          | expresion . PORPOR expresion
   69          | expresion . PORPOT expresion
   70          | expresion . MULDIV expresion
   71          | expresion . EQN expresion
   72          | expresion . OPERMASMAS expresion ARROBA expresion

    OPERLISTA   desplazar e ir al estado 88
    OPERMASMAS  desplazar e ir al estado 89
    ARROBA      desplazar e ir al estado 90
    ORLOG       desplazar e ir al estado 91
    ANDLOG      desplazar e ir al estado 92
    XOR         desplazar e ir al estado 93
    EQN         desplazar e ir al estado 94
    REL         desplazar e ir al estado 95
    PORPOR      desplazar e ir al estado 96
    PORPOT      desplazar e ir al estado 97
    MASMENOS    desplazar e ir al estado 98
    MULDIV      desplazar e ir al estado 99
    MENOSMENOS  desplazar e ir al estado 100


Estado 58

   75 expresion: funcion .

    $default  reduce usando la regla 75 (expresion)


Estado 59

   74 expresion: constante .

    $default  reduce usando la regla 74 (expresion)


Estado 60

   81 constante: lista .

    $default  reduce usando la regla 81 (constante)


Estado 61

   17 lista_variables: ID . COMA lista_variables
   18                | ID .

    COMA  desplazar e ir al estado 101

    $default  reduce usando la regla 18 (lista_variables)


Estado 62

   13 cuerpo_declar_variables: tipo $@3 lista_variables . PYC

    PYC  desplazar e ir al estado 102


Estado 63

   20 cabecera_subprog: tipo ID $@4 . PARIZQ parametros PARDER

    PARIZQ  desplazar e ir al estado 103


Estado 64

    7 declar_subprog: cabecera_subprog $@2 bloque .

    $default  reduce usando la regla 7 (declar_subprog)


Estado 65

   45 lista_id: ID .

    $default  reduce usando la regla 45 (lista_id)


Estado 66

   43 sentencia_entrada: INPUT lista_id . PYC
   44 lista_id: lista_id . COMA ID

    PYC   desplazar e ir al estado 104
    COMA  desplazar e ir al estado 105


Estado 67

   50 expresion_cadena: CADENA .

    $default  reduce usando la regla 50 (expresion_cadena)


Estado 68

   73 expresion: ID .
   77 funcion: ID . PARIZQ argumentos PARDER

    PARIZQ  desplazar e ir al estado 82

    $default  reduce usando la regla 73 (expresion)


Estado 69

   59 expresion: INT . expresion

    error        desplazar e ir al estado 30
    CONSTANTE    desplazar e ir al estado 37
    CORCHETEIZQ  desplazar e ir al estado 39
    PARIZQ       desplazar e ir al estado 40
    ID           desplazar e ir al estado 68
    MASMENOS     desplazar e ir al estado 42
    MENOSMENOS   desplazar e ir al estado 43
    NOT          desplazar e ir al estado 44
    INT          desplazar e ir al estado 69

    expresion  ir al estado 106
    funcion    ir al estado 58
    constante  ir al estado 59
    lista      ir al estado 60


Estado 70

   46 sentencia_salida: OUTPUT lista_expresion_cadena . PYC
   47 lista_expresion_cadena: lista_expresion_cadena . COMA expresion_cadena

    PYC   desplazar e ir al estado 107
    COMA  desplazar e ir al estado 108


Estado 71

   48 lista_expresion_cadena: expresion_cadena .

    $default  reduce usando la regla 48 (lista_expresion_cadena)


Estado 72

   49 expresion_cadena: expresion .
   61 expresion: expresion . MENOSMENOS expresion
   62          | expresion . ORLOG expresion
   63          | expresion . ANDLOG expresion
   64          | expresion . ARROBA expresion
   65          | expresion . XOR expresion
   66          | expresion . REL expresion
   67          | expresion . MASMENOS expresion
   68          | expresion . PORPOR expresion
   69          | expresion . PORPOT expresion
   70          | expresion . MULDIV expresion
   71          | expresion . EQN expresion
   72          | expresion . OPERMASMAS expresion ARROBA expresion

    OPERMASMAS  desplazar e ir al estado 89
    ARROBA      desplazar e ir al estado 90
    ORLOG       desplazar e ir al estado 91
    ANDLOG      desplazar e ir al estado 92
    XOR         desplazar e ir al estado 93
    EQN         desplazar e ir al estado 94
    REL         desplazar e ir al estado 95
    PORPOR      desplazar e ir al estado 96
    PORPOT      desplazar e ir al estado 97
    MASMENOS    desplazar e ir al estado 98
    MULDIV      desplazar e ir al estado 99
    MENOSMENOS  desplazar e ir al estado 100

    $default  reduce usando la regla 49 (expresion_cadena)


Estado 73

   51 sentencia_return: RETURN expresion . PYC
   61 expresion: expresion . MENOSMENOS expresion
   62          | expresion . ORLOG expresion
   63          | expresion . ANDLOG expresion
   64          | expresion . ARROBA expresion
   65          | expresion . XOR expresion
   66          | expresion . REL expresion
   67          | expresion . MASMENOS expresion
   68          | expresion . PORPOR expresion
   69          | expresion . PORPOT expresion
   70          | expresion . MULDIV expresion
   71          | expresion . EQN expresion
   72          | expresion . OPERMASMAS expresion ARROBA expresion

    PYC         desplazar e ir al estado 109
    OPERMASMAS  desplazar e ir al estado 89
    ARROBA      desplazar e ir al estado 90
    ORLOG       desplazar e ir al estado 91
    ANDLOG      desplazar e ir al estado 92
    XOR         desplazar e ir al estado 93
    EQN         desplazar e ir al estado 94
    REL         desplazar e ir al estado 95
    PORPOR      desplazar e ir al estado 96
    PORPOT      desplazar e ir al estado 97
    MASMENOS    desplazar e ir al estado 98
    MULDIV      desplazar e ir al estado 99
    MENOSMENOS  desplazar e ir al estado 100


Estado 74

   39 sentencia_if: IF PARIZQ . expresion PARDER sentencia sentencia_else

    error        desplazar e ir al estado 30
    CONSTANTE    desplazar e ir al estado 37
    CORCHETEIZQ  desplazar e ir al estado 39
    PARIZQ       desplazar e ir al estado 40
    ID           desplazar e ir al estado 68
    MASMENOS     desplazar e ir al estado 42
    MENOSMENOS   desplazar e ir al estado 43
    NOT          desplazar e ir al estado 44
    INT          desplazar e ir al estado 69

    expresion  ir al estado 110
    funcion    ir al estado 58
    constante  ir al estado 59
    lista      ir al estado 60


Estado 75

   52 sentencia_repeat_until: REPEAT sentencia . UNTIL PARIZQ expresion PARDER PYC

    UNTIL  desplazar e ir al estado 111


Estado 76

   42 sentencia_while: WHILE PARIZQ . expresion PARDER sentencia

    error        desplazar e ir al estado 30
    CONSTANTE    desplazar e ir al estado 37
    CORCHETEIZQ  desplazar e ir al estado 39
    PARIZQ       desplazar e ir al estado 40
    ID           desplazar e ir al estado 68
    MASMENOS     desplazar e ir al estado 42
    MENOSMENOS   desplazar e ir al estado 43
    NOT          desplazar e ir al estado 44
    INT          desplazar e ir al estado 69

    expresion  ir al estado 112
    funcion    ir al estado 58
    constante  ir al estado 59
    lista      ir al estado 60


Estado 77

   83 lista: CORCHETEIZQ CORCHETEDER .

    $default  reduce usando la regla 83 (lista)


Estado 78

   22 lista_expresiones: lista_expresiones . COMA expresion
   82 lista: CORCHETEIZQ lista_expresiones . CORCHETEDER

    CORCHETEDER  desplazar e ir al estado 113
    COMA         desplazar e ir al estado 114


Estado 79

   23 lista_expresiones: expresion .
   61 expresion: expresion . MENOSMENOS expresion
   62          | expresion . ORLOG expresion
   63          | expresion . ANDLOG expresion
   64          | expresion . ARROBA expresion
   65          | expresion . XOR expresion
   66          | expresion . REL expresion
   67          | expresion . MASMENOS expresion
   68          | expresion . PORPOR expresion
   69          | expresion . PORPOT expresion
   70          | expresion . MULDIV expresion
   71          | expresion . EQN expresion
   72          | expresion . OPERMASMAS expresion ARROBA expresion

    OPERMASMAS  desplazar e ir al estado 89
    ARROBA      desplazar e ir al estado 90
    ORLOG       desplazar e ir al estado 91
    ANDLOG      desplazar e ir al estado 92
    XOR         desplazar e ir al estado 93
    EQN         desplazar e ir al estado 94
    REL         desplazar e ir al estado 95
    PORPOR      desplazar e ir al estado 96
    PORPOT      desplazar e ir al estado 97
    MASMENOS    desplazar e ir al estado 98
    MULDIV      desplazar e ir al estado 99
    MENOSMENOS  desplazar e ir al estado 100

    $default  reduce usando la regla 23 (lista_expresiones)


Estado 80

   56 expresion: PARIZQ expresion . PARDER
   61          | expresion . MENOSMENOS expresion
   62          | expresion . ORLOG expresion
   63          | expresion . ANDLOG expresion
   64          | expresion . ARROBA expresion
   65          | expresion . XOR expresion
   66          | expresion . REL expresion
   67          | expresion . MASMENOS expresion
   68          | expresion . PORPOR expresion
   69          | expresion . PORPOT expresion
   70          | expresion . MULDIV expresion
   71          | expresion . EQN expresion
   72          | expresion . OPERMASMAS expresion ARROBA expresion

    PARDER      desplazar e ir al estado 115
    OPERMASMAS  desplazar e ir al estado 89
    ARROBA      desplazar e ir al estado 90
    ORLOG       desplazar e ir al estado 91
    ANDLOG      desplazar e ir al estado 92
    XOR         desplazar e ir al estado 93
    EQN         desplazar e ir al estado 94
    REL         desplazar e ir al estado 95
    PORPOR      desplazar e ir al estado 96
    PORPOT      desplazar e ir al estado 97
    MASMENOS    desplazar e ir al estado 98
    MULDIV      desplazar e ir al estado 99
    MENOSMENOS  desplazar e ir al estado 100


Estado 81

   38 sentencia_asignacion: ID ASIGN . expresion PYC

    error        desplazar e ir al estado 30
    CONSTANTE    desplazar e ir al estado 37
    CORCHETEIZQ  desplazar e ir al estado 39
    PARIZQ       desplazar e ir al estado 40
    ID           desplazar e ir al estado 68
    MASMENOS     desplazar e ir al estado 42
    MENOSMENOS   desplazar e ir al estado 43
    NOT          desplazar e ir al estado 44
    INT          desplazar e ir al estado 69

    expresion  ir al estado 116
    funcion    ir al estado 58
    constante  ir al estado 59
    lista      ir al estado 60


Estado 82

   77 funcion: ID PARIZQ . argumentos PARDER

    error        desplazar e ir al estado 30
    CONSTANTE    desplazar e ir al estado 37
    CORCHETEIZQ  desplazar e ir al estado 39
    PARIZQ       desplazar e ir al estado 40
    ID           desplazar e ir al estado 68
    MASMENOS     desplazar e ir al estado 42
    MENOSMENOS   desplazar e ir al estado 43
    NOT          desplazar e ir al estado 44
    INT          desplazar e ir al estado 69

    PARDER  reduce usando la regla 79 (argumentos)

    lista_expresiones  ir al estado 117
    expresion          ir al estado 79
    funcion            ir al estado 58
    argumentos         ir al estado 118
    constante          ir al estado 59
    lista              ir al estado 60


Estado 83

   57 expresion: MASMENOS expresion .
   61          | expresion . MENOSMENOS expresion
   62          | expresion . ORLOG expresion
   63          | expresion . ANDLOG expresion
   64          | expresion . ARROBA expresion
   65          | expresion . XOR expresion
   66          | expresion . REL expresion
   67          | expresion . MASMENOS expresion
   68          | expresion . PORPOR expresion
   69          | expresion . PORPOT expresion
   70          | expresion . MULDIV expresion
   71          | expresion . EQN expresion
   72          | expresion . OPERMASMAS expresion ARROBA expresion

    $default  reduce usando la regla 57 (expresion)


Estado 84

   60 expresion: MENOSMENOS expresion .
   61          | expresion . MENOSMENOS expresion
   62          | expresion . ORLOG expresion
   63          | expresion . ANDLOG expresion
   64          | expresion . ARROBA expresion
   65          | expresion . XOR expresion
   66          | expresion . REL expresion
   67          | expresion . MASMENOS expresion
   68          | expresion . PORPOR expresion
   69          | expresion . PORPOT expresion
   70          | expresion . MULDIV expresion
   71          | expresion . EQN expresion
   72          | expresion . OPERMASMAS expresion ARROBA expresion

    MENOSMENOS  desplazar e ir al estado 100

    $default  reduce usando la regla 60 (expresion)


Estado 85

   58 expresion: NOT expresion .
   61          | expresion . MENOSMENOS expresion
   62          | expresion . ORLOG expresion
   63          | expresion . ANDLOG expresion
   64          | expresion . ARROBA expresion
   65          | expresion . XOR expresion
   66          | expresion . REL expresion
   67          | expresion . MASMENOS expresion
   68          | expresion . PORPOR expresion
   69          | expresion . PORPOT expresion
   70          | expresion . MULDIV expresion
   71          | expresion . EQN expresion
   72          | expresion . OPERMASMAS expresion ARROBA expresion

    $default  reduce usando la regla 58 (expresion)


Estado 86

   54 sentencia_lista: INT expresion . PYC
   59 expresion: INT expresion .
   61          | expresion . MENOSMENOS expresion
   62          | expresion . ORLOG expresion
   63          | expresion . ANDLOG expresion
   64          | expresion . ARROBA expresion
   65          | expresion . XOR expresion
   66          | expresion . REL expresion
   67          | expresion . MASMENOS expresion
   68          | expresion . PORPOR expresion
   69          | expresion . PORPOT expresion
   70          | expresion . MULDIV expresion
   71          | expresion . EQN expresion
   72          | expresion . OPERMASMAS expresion ARROBA expresion

    PYC  desplazar e ir al estado 119

    $default  reduce usando la regla 59 (expresion)


Estado 87

   55 sentencia_lista: DOLLAR expresion . PYC
   61 expresion: expresion . MENOSMENOS expresion
   62          | expresion . ORLOG expresion
   63          | expresion . ANDLOG expresion
   64          | expresion . ARROBA expresion
   65          | expresion . XOR expresion
   66          | expresion . REL expresion
   67          | expresion . MASMENOS expresion
   68          | expresion . PORPOR expresion
   69          | expresion . PORPOT expresion
   70          | expresion . MULDIV expresion
   71          | expresion . EQN expresion
   72          | expresion . OPERMASMAS expresion ARROBA expresion

    PYC         desplazar e ir al estado 120
    OPERMASMAS  desplazar e ir al estado 89
    ARROBA      desplazar e ir al estado 90
    ORLOG       desplazar e ir al estado 91
    ANDLOG      desplazar e ir al estado 92
    XOR         desplazar e ir al estado 93
    EQN         desplazar e ir al estado 94
    REL         desplazar e ir al estado 95
    PORPOR      desplazar e ir al estado 96
    PORPOT      desplazar e ir al estado 97
    MASMENOS    desplazar e ir al estado 98
    MULDIV      desplazar e ir al estado 99
    MENOSMENOS  desplazar e ir al estado 100


Estado 88

   53 sentencia_lista: expresion OPERLISTA . PYC

    PYC  desplazar e ir al estado 121


Estado 89

   72 expresion: expresion OPERMASMAS . expresion ARROBA expresion

    error        desplazar e ir al estado 30
    CONSTANTE    desplazar e ir al estado 37
    CORCHETEIZQ  desplazar e ir al estado 39
    PARIZQ       desplazar e ir al estado 40
    ID           desplazar e ir al estado 68
    MASMENOS     desplazar e ir al estado 42
    MENOSMENOS   desplazar e ir al estado 43
    NOT          desplazar e ir al estado 44
    INT          desplazar e ir al estado 69

    expresion  ir al estado 122
    funcion    ir al estado 58
    constante  ir al estado 59
    lista      ir al estado 60


Estado 90

   64 expresion: expresion ARROBA . expresion

    error        desplazar e ir al estado 30
    CONSTANTE    desplazar e ir al estado 37
    CORCHETEIZQ  desplazar e ir al estado 39
    PARIZQ       desplazar e ir al estado 40
    ID           desplazar e ir al estado 68
    MASMENOS     desplazar e ir al estado 42
    MENOSMENOS   desplazar e ir al estado 43
    NOT          desplazar e ir al estado 44
    INT          desplazar e ir al estado 69

    expresion  ir al estado 123
    funcion    ir al estado 58
    constante  ir al estado 59
    lista      ir al estado 60


Estado 91

   62 expresion: expresion ORLOG . expresion

    error        desplazar e ir al estado 30
    CONSTANTE    desplazar e ir al estado 37
    CORCHETEIZQ  desplazar e ir al estado 39
    PARIZQ       desplazar e ir al estado 40
    ID           desplazar e ir al estado 68
    MASMENOS     desplazar e ir al estado 42
    MENOSMENOS   desplazar e ir al estado 43
    NOT          desplazar e ir al estado 44
    INT          desplazar e ir al estado 69

    expresion  ir al estado 124
    funcion    ir al estado 58
    constante  ir al estado 59
    lista      ir al estado 60


Estado 92

   63 expresion: expresion ANDLOG . expresion

    error        desplazar e ir al estado 30
    CONSTANTE    desplazar e ir al estado 37
    CORCHETEIZQ  desplazar e ir al estado 39
    PARIZQ       desplazar e ir al estado 40
    ID           desplazar e ir al estado 68
    MASMENOS     desplazar e ir al estado 42
    MENOSMENOS   desplazar e ir al estado 43
    NOT          desplazar e ir al estado 44
    INT          desplazar e ir al estado 69

    expresion  ir al estado 125
    funcion    ir al estado 58
    constante  ir al estado 59
    lista      ir al estado 60


Estado 93

   65 expresion: expresion XOR . expresion

    error        desplazar e ir al estado 30
    CONSTANTE    desplazar e ir al estado 37
    CORCHETEIZQ  desplazar e ir al estado 39
    PARIZQ       desplazar e ir al estado 40
    ID           desplazar e ir al estado 68
    MASMENOS     desplazar e ir al estado 42
    MENOSMENOS   desplazar e ir al estado 43
    NOT          desplazar e ir al estado 44
    INT          desplazar e ir al estado 69

    expresion  ir al estado 126
    funcion    ir al estado 58
    constante  ir al estado 59
    lista      ir al estado 60


Estado 94

   71 expresion: expresion EQN . expresion

    error        desplazar e ir al estado 30
    CONSTANTE    desplazar e ir al estado 37
    CORCHETEIZQ  desplazar e ir al estado 39
    PARIZQ       desplazar e ir al estado 40
    ID           desplazar e ir al estado 68
    MASMENOS     desplazar e ir al estado 42
    MENOSMENOS   desplazar e ir al estado 43
    NOT          desplazar e ir al estado 44
    INT          desplazar e ir al estado 69

    expresion  ir al estado 127
    funcion    ir al estado 58
    constante  ir al estado 59
    lista      ir al estado 60


Estado 95

   66 expresion: expresion REL . expresion

    error        desplazar e ir al estado 30
    CONSTANTE    desplazar e ir al estado 37
    CORCHETEIZQ  desplazar e ir al estado 39
    PARIZQ       desplazar e ir al estado 40
    ID           desplazar e ir al estado 68
    MASMENOS     desplazar e ir al estado 42
    MENOSMENOS   desplazar e ir al estado 43
    NOT          desplazar e ir al estado 44
    INT          desplazar e ir al estado 69

    expresion  ir al estado 128
    funcion    ir al estado 58
    constante  ir al estado 59
    lista      ir al estado 60


Estado 96

   68 expresion: expresion PORPOR . expresion

    error        desplazar e ir al estado 30
    CONSTANTE    desplazar e ir al estado 37
    CORCHETEIZQ  desplazar e ir al estado 39
    PARIZQ       desplazar e ir al estado 40
    ID           desplazar e ir al estado 68
    MASMENOS     desplazar e ir al estado 42
    MENOSMENOS   desplazar e ir al estado 43
    NOT          desplazar e ir al estado 44
    INT          desplazar e ir al estado 69

    expresion  ir al estado 129
    funcion    ir al estado 58
    constante  ir al estado 59
    lista      ir al estado 60


Estado 97

   69 expresion: expresion PORPOT . expresion

    error        desplazar e ir al estado 30
    CONSTANTE    desplazar e ir al estado 37
    CORCHETEIZQ  desplazar e ir al estado 39
    PARIZQ       desplazar e ir al estado 40
    ID           desplazar e ir al estado 68
    MASMENOS     desplazar e ir al estado 42
    MENOSMENOS   desplazar e ir al estado 43
    NOT          desplazar e ir al estado 44
    INT          desplazar e ir al estado 69

    expresion  ir al estado 130
    funcion    ir al estado 58
    constante  ir al estado 59
    lista      ir al estado 60


Estado 98

   67 expresion: expresion MASMENOS . expresion

    error        desplazar e ir al estado 30
    CONSTANTE    desplazar e ir al estado 37
    CORCHETEIZQ  desplazar e ir al estado 39
    PARIZQ       desplazar e ir al estado 40
    ID           desplazar e ir al estado 68
    MASMENOS     desplazar e ir al estado 42
    MENOSMENOS   desplazar e ir al estado 43
    NOT          desplazar e ir al estado 44
    INT          desplazar e ir al estado 69

    expresion  ir al estado 131
    funcion    ir al estado 58
    constante  ir al estado 59
    lista      ir al estado 60


Estado 99

   70 expresion: expresion MULDIV . expresion

    error        desplazar e ir al estado 30
    CONSTANTE    desplazar e ir al estado 37
    CORCHETEIZQ  desplazar e ir al estado 39
    PARIZQ       desplazar e ir al estado 40
    ID           desplazar e ir al estado 68
    MASMENOS     desplazar e ir al estado 42
    MENOSMENOS   desplazar e ir al estado 43
    NOT          desplazar e ir al estado 44
    INT          desplazar e ir al estado 69

    expresion  ir al estado 132
    funcion    ir al estado 58
    constante  ir al estado 59
    lista      ir al estado 60


Estado 100

   61 expresion: expresion MENOSMENOS . expresion

    error        desplazar e ir al estado 30
    CONSTANTE    desplazar e ir al estado 37
    CORCHETEIZQ  desplazar e ir al estado 39
    PARIZQ       desplazar e ir al estado 40
    ID           desplazar e ir al estado 68
    MASMENOS     desplazar e ir al estado 42
    MENOSMENOS   desplazar e ir al estado 43
    NOT          desplazar e ir al estado 44
    INT          desplazar e ir al estado 69

    expresion  ir al estado 133
    funcion    ir al estado 58
    constante  ir al estado 59
    lista      ir al estado 60


Estado 101

   17 lista_variables: ID COMA . lista_variables

    ID  desplazar e ir al estado 61

    lista_variables  ir al estado 134


Estado 102

   13 cuerpo_declar_variables: tipo $@3 lista_variables PYC .

    $default  reduce usando la regla 13 (cuerpo_declar_variables)


Estado 103

   20 cabecera_subprog: tipo ID $@4 PARIZQ . parametros PARDER

    error       desplazar e ir al estado 135
    PRIMITIVO   desplazar e ir al estado 14
    ESTRUCTURA  desplazar e ir al estado 15

    tipo        ir al estado 136
    parametros  ir al estado 137


Estado 104

   43 sentencia_entrada: INPUT lista_id PYC .

    $default  reduce usando la regla 43 (sentencia_entrada)


Estado 105

   44 lista_id: lista_id COMA . ID

    ID  desplazar e ir al estado 138


Estado 106

   59 expresion: INT expresion .
   61          | expresion . MENOSMENOS expresion
   62          | expresion . ORLOG expresion
   63          | expresion . ANDLOG expresion
   64          | expresion . ARROBA expresion
   65          | expresion . XOR expresion
   66          | expresion . REL expresion
   67          | expresion . MASMENOS expresion
   68          | expresion . PORPOR expresion
   69          | expresion . PORPOT expresion
   70          | expresion . MULDIV expresion
   71          | expresion . EQN expresion
   72          | expresion . OPERMASMAS expresion ARROBA expresion

    $default  reduce usando la regla 59 (expresion)


Estado 107

   46 sentencia_salida: OUTPUT lista_expresion_cadena PYC .

    $default  reduce usando la regla 46 (sentencia_salida)


Estado 108

   47 lista_expresion_cadena: lista_expresion_cadena COMA . expresion_cadena

    error        desplazar e ir al estado 30
    CADENA       desplazar e ir al estado 67
    CONSTANTE    desplazar e ir al estado 37
    CORCHETEIZQ  desplazar e ir al estado 39
    PARIZQ       desplazar e ir al estado 40
    ID           desplazar e ir al estado 68
    MASMENOS     desplazar e ir al estado 42
    MENOSMENOS   desplazar e ir al estado 43
    NOT          desplazar e ir al estado 44
    INT          desplazar e ir al estado 69

    expresion_cadena  ir al estado 139
    expresion         ir al estado 72
    funcion           ir al estado 58
    constante         ir al estado 59
    lista             ir al estado 60


Estado 109

   51 sentencia_return: RETURN expresion PYC .

    $default  reduce usando la regla 51 (sentencia_return)


Estado 110

   39 sentencia_if: IF PARIZQ expresion . PARDER sentencia sentencia_else
   61 expresion: expresion . MENOSMENOS expresion
   62          | expresion . ORLOG expresion
   63          | expresion . ANDLOG expresion
   64          | expresion . ARROBA expresion
   65          | expresion . XOR expresion
   66          | expresion . REL expresion
   67          | expresion . MASMENOS expresion
   68          | expresion . PORPOR expresion
   69          | expresion . PORPOT expresion
   70          | expresion . MULDIV expresion
   71          | expresion . EQN expresion
   72          | expresion . OPERMASMAS expresion ARROBA expresion

    PARDER      desplazar e ir al estado 140
    OPERMASMAS  desplazar e ir al estado 89
    ARROBA      desplazar e ir al estado 90
    ORLOG       desplazar e ir al estado 91
    ANDLOG      desplazar e ir al estado 92
    XOR         desplazar e ir al estado 93
    EQN         desplazar e ir al estado 94
    REL         desplazar e ir al estado 95
    PORPOR      desplazar e ir al estado 96
    PORPOT      desplazar e ir al estado 97
    MASMENOS    desplazar e ir al estado 98
    MULDIV      desplazar e ir al estado 99
    MENOSMENOS  desplazar e ir al estado 100


Estado 111

   52 sentencia_repeat_until: REPEAT sentencia UNTIL . PARIZQ expresion PARDER PYC

    PARIZQ  desplazar e ir al estado 141


Estado 112

   42 sentencia_while: WHILE PARIZQ expresion . PARDER sentencia
   61 expresion: expresion . MENOSMENOS expresion
   62          | expresion . ORLOG expresion
   63          | expresion . ANDLOG expresion
   64          | expresion . ARROBA expresion
   65          | expresion . XOR expresion
   66          | expresion . REL expresion
   67          | expresion . MASMENOS expresion
   68          | expresion . PORPOR expresion
   69          | expresion . PORPOT expresion
   70          | expresion . MULDIV expresion
   71          | expresion . EQN expresion
   72          | expresion . OPERMASMAS expresion ARROBA expresion

    PARDER      desplazar e ir al estado 142
    OPERMASMAS  desplazar e ir al estado 89
    ARROBA      desplazar e ir al estado 90
    ORLOG       desplazar e ir al estado 91
    ANDLOG      desplazar e ir al estado 92
    XOR         desplazar e ir al estado 93
    EQN         desplazar e ir al estado 94
    REL         desplazar e ir al estado 95
    PORPOR      desplazar e ir al estado 96
    PORPOT      desplazar e ir al estado 97
    MASMENOS    desplazar e ir al estado 98
    MULDIV      desplazar e ir al estado 99
    MENOSMENOS  desplazar e ir al estado 100


Estado 113

   82 lista: CORCHETEIZQ lista_expresiones CORCHETEDER .

    $default  reduce usando la regla 82 (lista)


Estado 114

   22 lista_expresiones: lista_expresiones COMA . expresion

    error        desplazar e ir al estado 30
    CONSTANTE    desplazar e ir al estado 37
    CORCHETEIZQ  desplazar e ir al estado 39
    PARIZQ       desplazar e ir al estado 40
    ID           desplazar e ir al estado 68
    MASMENOS     desplazar e ir al estado 42
    MENOSMENOS   desplazar e ir al estado 43
    NOT          desplazar e ir al estado 44
    INT          desplazar e ir al estado 69

    expresion  ir al estado 143
    funcion    ir al estado 58
    constante  ir al estado 59
    lista      ir al estado 60


Estado 115

   56 expresion: PARIZQ expresion PARDER .

    $default  reduce usando la regla 56 (expresion)


Estado 116

   38 sentencia_asignacion: ID ASIGN expresion . PYC
   61 expresion: expresion . MENOSMENOS expresion
   62          | expresion . ORLOG expresion
   63          | expresion . ANDLOG expresion
   64          | expresion . ARROBA expresion
   65          | expresion . XOR expresion
   66          | expresion . REL expresion
   67          | expresion . MASMENOS expresion
   68          | expresion . PORPOR expresion
   69          | expresion . PORPOT expresion
   70          | expresion . MULDIV expresion
   71          | expresion . EQN expresion
   72          | expresion . OPERMASMAS expresion ARROBA expresion

    PYC         desplazar e ir al estado 144
    OPERMASMAS  desplazar e ir al estado 89
    ARROBA      desplazar e ir al estado 90
    ORLOG       desplazar e ir al estado 91
    ANDLOG      desplazar e ir al estado 92
    XOR         desplazar e ir al estado 93
    EQN         desplazar e ir al estado 94
    REL         desplazar e ir al estado 95
    PORPOR      desplazar e ir al estado 96
    PORPOT      desplazar e ir al estado 97
    MASMENOS    desplazar e ir al estado 98
    MULDIV      desplazar e ir al estado 99
    MENOSMENOS  desplazar e ir al estado 100


Estado 117

   22 lista_expresiones: lista_expresiones . COMA expresion
   78 argumentos: lista_expresiones .

    COMA  desplazar e ir al estado 114

    $default  reduce usando la regla 78 (argumentos)


Estado 118

   77 funcion: ID PARIZQ argumentos . PARDER

    PARDER  desplazar e ir al estado 145


Estado 119

   54 sentencia_lista: INT expresion PYC .

    $default  reduce usando la regla 54 (sentencia_lista)


Estado 120

   55 sentencia_lista: DOLLAR expresion PYC .

    $default  reduce usando la regla 55 (sentencia_lista)


Estado 121

   53 sentencia_lista: expresion OPERLISTA PYC .

    $default  reduce usando la regla 53 (sentencia_lista)


Estado 122

   61 expresion: expresion . MENOSMENOS expresion
   62          | expresion . ORLOG expresion
   63          | expresion . ANDLOG expresion
   64          | expresion . ARROBA expresion
   65          | expresion . XOR expresion
   66          | expresion . REL expresion
   67          | expresion . MASMENOS expresion
   68          | expresion . PORPOR expresion
   69          | expresion . PORPOT expresion
   70          | expresion . MULDIV expresion
   71          | expresion . EQN expresion
   72          | expresion . OPERMASMAS expresion ARROBA expresion
   72          | expresion OPERMASMAS expresion . ARROBA expresion

    OPERMASMAS  desplazar e ir al estado 89
    ARROBA      desplazar e ir al estado 146
    ORLOG       desplazar e ir al estado 91
    ANDLOG      desplazar e ir al estado 92
    XOR         desplazar e ir al estado 93
    EQN         desplazar e ir al estado 94
    REL         desplazar e ir al estado 95
    PORPOR      desplazar e ir al estado 96
    PORPOT      desplazar e ir al estado 97
    MASMENOS    desplazar e ir al estado 98
    MULDIV      desplazar e ir al estado 99
    MENOSMENOS  desplazar e ir al estado 100


Estado 123

   61 expresion: expresion . MENOSMENOS expresion
   62          | expresion . ORLOG expresion
   63          | expresion . ANDLOG expresion
   64          | expresion . ARROBA expresion
   64          | expresion ARROBA expresion .
   65          | expresion . XOR expresion
   66          | expresion . REL expresion
   67          | expresion . MASMENOS expresion
   68          | expresion . PORPOR expresion
   69          | expresion . PORPOT expresion
   70          | expresion . MULDIV expresion
   71          | expresion . EQN expresion
   72          | expresion . OPERMASMAS expresion ARROBA expresion

    OPERMASMAS  desplazar e ir al estado 89
    ARROBA      desplazar e ir al estado 90
    ORLOG       desplazar e ir al estado 91
    ANDLOG      desplazar e ir al estado 92
    XOR         desplazar e ir al estado 93
    EQN         desplazar e ir al estado 94
    REL         desplazar e ir al estado 95
    PORPOR      desplazar e ir al estado 96
    PORPOT      desplazar e ir al estado 97
    MASMENOS    desplazar e ir al estado 98
    MULDIV      desplazar e ir al estado 99
    MENOSMENOS  desplazar e ir al estado 100

    $default  reduce usando la regla 64 (expresion)


Estado 124

   61 expresion: expresion . MENOSMENOS expresion
   62          | expresion . ORLOG expresion
   62          | expresion ORLOG expresion .
   63          | expresion . ANDLOG expresion
   64          | expresion . ARROBA expresion
   65          | expresion . XOR expresion
   66          | expresion . REL expresion
   67          | expresion . MASMENOS expresion
   68          | expresion . PORPOR expresion
   69          | expresion . PORPOT expresion
   70          | expresion . MULDIV expresion
   71          | expresion . EQN expresion
   72          | expresion . OPERMASMAS expresion ARROBA expresion

    ANDLOG      desplazar e ir al estado 92
    XOR         desplazar e ir al estado 93
    EQN         desplazar e ir al estado 94
    REL         desplazar e ir al estado 95
    PORPOR      desplazar e ir al estado 96
    PORPOT      desplazar e ir al estado 97
    MASMENOS    desplazar e ir al estado 98
    MULDIV      desplazar e ir al estado 99
    MENOSMENOS  desplazar e ir al estado 100

    $default  reduce usando la regla 62 (expresion)


Estado 125

   61 expresion: expresion . MENOSMENOS expresion
   62          | expresion . ORLOG expresion
   63          | expresion . ANDLOG expresion
   63          | expresion ANDLOG expresion .
   64          | expresion . ARROBA expresion
   65          | expresion . XOR expresion
   66          | expresion . REL expresion
   67          | expresion . MASMENOS expresion
   68          | expresion . PORPOR expresion
   69          | expresion . PORPOT expresion
   70          | expresion . MULDIV expresion
   71          | expresion . EQN expresion
   72          | expresion . OPERMASMAS expresion ARROBA expresion

    XOR         desplazar e ir al estado 93
    EQN         desplazar e ir al estado 94
    REL         desplazar e ir al estado 95
    PORPOR      desplazar e ir al estado 96
    PORPOT      desplazar e ir al estado 97
    MASMENOS    desplazar e ir al estado 98
    MULDIV      desplazar e ir al estado 99
    MENOSMENOS  desplazar e ir al estado 100

    $default  reduce usando la regla 63 (expresion)


Estado 126

   61 expresion: expresion . MENOSMENOS expresion
   62          | expresion . ORLOG expresion
   63          | expresion . ANDLOG expresion
   64          | expresion . ARROBA expresion
   65          | expresion . XOR expresion
   65          | expresion XOR expresion .
   66          | expresion . REL expresion
   67          | expresion . MASMENOS expresion
   68          | expresion . PORPOR expresion
   69          | expresion . PORPOT expresion
   70          | expresion . MULDIV expresion
   71          | expresion . EQN expresion
   72          | expresion . OPERMASMAS expresion ARROBA expresion

    EQN         desplazar e ir al estado 94
    REL         desplazar e ir al estado 95
    PORPOR      desplazar e ir al estado 96
    PORPOT      desplazar e ir al estado 97
    MASMENOS    desplazar e ir al estado 98
    MULDIV      desplazar e ir al estado 99
    MENOSMENOS  desplazar e ir al estado 100

    $default  reduce usando la regla 65 (expresion)


Estado 127

   61 expresion: expresion . MENOSMENOS expresion
   62          | expresion . ORLOG expresion
   63          | expresion . ANDLOG expresion
   64          | expresion . ARROBA expresion
   65          | expresion . XOR expresion
   66          | expresion . REL expresion
   67          | expresion . MASMENOS expresion
   68          | expresion . PORPOR expresion
   69          | expresion . PORPOT expresion
   70          | expresion . MULDIV expresion
   71          | expresion . EQN expresion
   71          | expresion EQN expresion .
   72          | expresion . OPERMASMAS expresion ARROBA expresion

    REL         desplazar e ir al estado 95
    PORPOR      desplazar e ir al estado 96
    PORPOT      desplazar e ir al estado 97
    MASMENOS    desplazar e ir al estado 98
    MULDIV      desplazar e ir al estado 99
    MENOSMENOS  desplazar e ir al estado 100

    $default  reduce usando la regla 71 (expresion)


Estado 128

   61 expresion: expresion . MENOSMENOS expresion
   62          | expresion . ORLOG expresion
   63          | expresion . ANDLOG expresion
   64          | expresion . ARROBA expresion
   65          | expresion . XOR expresion
   66          | expresion . REL expresion
   66          | expresion REL expresion .
   67          | expresion . MASMENOS expresion
   68          | expresion . PORPOR expresion
   69          | expresion . PORPOT expresion
   70          | expresion . MULDIV expresion
   71          | expresion . EQN expresion
   72          | expresion . OPERMASMAS expresion ARROBA expresion

    PORPOR      desplazar e ir al estado 96
    PORPOT      desplazar e ir al estado 97
    MASMENOS    desplazar e ir al estado 98
    MULDIV      desplazar e ir al estado 99
    MENOSMENOS  desplazar e ir al estado 100

    $default  reduce usando la regla 66 (expresion)


Estado 129

   61 expresion: expresion . MENOSMENOS expresion
   62          | expresion . ORLOG expresion
   63          | expresion . ANDLOG expresion
   64          | expresion . ARROBA expresion
   65          | expresion . XOR expresion
   66          | expresion . REL expresion
   67          | expresion . MASMENOS expresion
   68          | expresion . PORPOR expresion
   68          | expresion PORPOR expresion .
   69          | expresion . PORPOT expresion
   70          | expresion . MULDIV expresion
   71          | expresion . EQN expresion
   72          | expresion . OPERMASMAS expresion ARROBA expresion

    PORPOT      desplazar e ir al estado 97
    MASMENOS    desplazar e ir al estado 98
    MULDIV      desplazar e ir al estado 99
    MENOSMENOS  desplazar e ir al estado 100

    $default  reduce usando la regla 68 (expresion)


Estado 130

   61 expresion: expresion . MENOSMENOS expresion
   62          | expresion . ORLOG expresion
   63          | expresion . ANDLOG expresion
   64          | expresion . ARROBA expresion
   65          | expresion . XOR expresion
   66          | expresion . REL expresion
   67          | expresion . MASMENOS expresion
   68          | expresion . PORPOR expresion
   69          | expresion . PORPOT expresion
   69          | expresion PORPOT expresion .
   70          | expresion . MULDIV expresion
   71          | expresion . EQN expresion
   72          | expresion . OPERMASMAS expresion ARROBA expresion

    MASMENOS    desplazar e ir al estado 98
    MULDIV      desplazar e ir al estado 99
    MENOSMENOS  desplazar e ir al estado 100

    $default  reduce usando la regla 69 (expresion)


Estado 131

   61 expresion: expresion . MENOSMENOS expresion
   62          | expresion . ORLOG expresion
   63          | expresion . ANDLOG expresion
   64          | expresion . ARROBA expresion
   65          | expresion . XOR expresion
   66          | expresion . REL expresion
   67          | expresion . MASMENOS expresion
   67          | expresion MASMENOS expresion .
   68          | expresion . PORPOR expresion
   69          | expresion . PORPOT expresion
   70          | expresion . MULDIV expresion
   71          | expresion . EQN expresion
   72          | expresion . OPERMASMAS expresion ARROBA expresion

    MULDIV      desplazar e ir al estado 99
    MENOSMENOS  desplazar e ir al estado 100

    $default  reduce usando la regla 67 (expresion)


Estado 132

   61 expresion: expresion . MENOSMENOS expresion
   62          | expresion . ORLOG expresion
   63          | expresion . ANDLOG expresion
   64          | expresion . ARROBA expresion
   65          | expresion . XOR expresion
   66          | expresion . REL expresion
   67          | expresion . MASMENOS expresion
   68          | expresion . PORPOR expresion
   69          | expresion . PORPOT expresion
   70          | expresion . MULDIV expresion
   70          | expresion MULDIV expresion .
   71          | expresion . EQN expresion
   72          | expresion . OPERMASMAS expresion ARROBA expresion

    MENOSMENOS  desplazar e ir al estado 100

    $default  reduce usando la regla 70 (expresion)


Estado 133

   61 expresion: expresion . MENOSMENOS expresion
   61          | expresion MENOSMENOS expresion .
   62          | expresion . ORLOG expresion
   63          | expresion . ANDLOG expresion
   64          | expresion . ARROBA expresion
   65          | expresion . XOR expresion
   66          | expresion . REL expresion
   67          | expresion . MASMENOS expresion
   68          | expresion . PORPOR expresion
   69          | expresion . PORPOT expresion
   70          | expresion . MULDIV expresion
   71          | expresion . EQN expresion
   72          | expresion . OPERMASMAS expresion ARROBA expresion

    MENOSMENOS  desplazar e ir al estado 100

    $default  reduce usando la regla 61 (expresion)


Estado 134

   17 lista_variables: ID COMA lista_variables .

    $default  reduce usando la regla 17 (lista_variables)


Estado 135

   26 parametros: error .

    $default  reduce usando la regla 26 (parametros)


Estado 136

   25 parametros: tipo . ID

    ID  desplazar e ir al estado 147


Estado 137

   20 cabecera_subprog: tipo ID $@4 PARIZQ parametros . PARDER
   24 parametros: parametros . COMA tipo ID

    COMA    desplazar e ir al estado 148
    PARDER  desplazar e ir al estado 149


Estado 138

   44 lista_id: lista_id COMA ID .

    $default  reduce usando la regla 44 (lista_id)


Estado 139

   47 lista_expresion_cadena: lista_expresion_cadena COMA expresion_cadena .

    $default  reduce usando la regla 47 (lista_expresion_cadena)


Estado 140

   39 sentencia_if: IF PARIZQ expresion PARDER . sentencia sentencia_else

    error         desplazar e ir al estado 30
    INPUT         desplazar e ir al estado 31
    OUTPUT        desplazar e ir al estado 32
    RETURN        desplazar e ir al estado 33
    IF            desplazar e ir al estado 34
    REPEAT        desplazar e ir al estado 35
    WHILE         desplazar e ir al estado 36
    CONSTANTE     desplazar e ir al estado 37
    INICIOBLOQUE  desplazar e ir al estado 6
    CORCHETEIZQ   desplazar e ir al estado 39
    PARIZQ        desplazar e ir al estado 40
    ID            desplazar e ir al estado 41
    MASMENOS      desplazar e ir al estado 42
    MENOSMENOS    desplazar e ir al estado 43
    NOT           desplazar e ir al estado 44
    INT           desplazar e ir al estado 45
    DOLLAR        desplazar e ir al estado 46

    bloque                  ir al estado 47
    sentencia               ir al estado 150
    sentencia_asignacion    ir al estado 49
    sentencia_if            ir al estado 50
    sentencia_while         ir al estado 51
    sentencia_entrada       ir al estado 52
    sentencia_salida        ir al estado 53
    sentencia_return        ir al estado 54
    sentencia_repeat_until  ir al estado 55
    sentencia_lista         ir al estado 56
    expresion               ir al estado 57
    funcion                 ir al estado 58
    constante               ir al estado 59
    lista                   ir al estado 60


Estado 141

   52 sentencia_repeat_until: REPEAT sentencia UNTIL PARIZQ . expresion PARDER PYC

    error        desplazar e ir al estado 30
    CONSTANTE    desplazar e ir al estado 37
    CORCHETEIZQ  desplazar e ir al estado 39
    PARIZQ       desplazar e ir al estado 40
    ID           desplazar e ir al estado 68
    MASMENOS     desplazar e ir al estado 42
    MENOSMENOS   desplazar e ir al estado 43
    NOT          desplazar e ir al estado 44
    INT          desplazar e ir al estado 69

    expresion  ir al estado 151
    funcion    ir al estado 58
    constante  ir al estado 59
    lista      ir al estado 60


Estado 142

   42 sentencia_while: WHILE PARIZQ expresion PARDER . sentencia

    error         desplazar e ir al estado 30
    INPUT         desplazar e ir al estado 31
    OUTPUT        desplazar e ir al estado 32
    RETURN        desplazar e ir al estado 33
    IF            desplazar e ir al estado 34
    REPEAT        desplazar e ir al estado 35
    WHILE         desplazar e ir al estado 36
    CONSTANTE     desplazar e ir al estado 37
    INICIOBLOQUE  desplazar e ir al estado 6
    CORCHETEIZQ   desplazar e ir al estado 39
    PARIZQ        desplazar e ir al estado 40
    ID            desplazar e ir al estado 41
    MASMENOS      desplazar e ir al estado 42
    MENOSMENOS    desplazar e ir al estado 43
    NOT           desplazar e ir al estado 44
    INT           desplazar e ir al estado 45
    DOLLAR        desplazar e ir al estado 46

    bloque                  ir al estado 47
    sentencia               ir al estado 152
    sentencia_asignacion    ir al estado 49
    sentencia_if            ir al estado 50
    sentencia_while         ir al estado 51
    sentencia_entrada       ir al estado 52
    sentencia_salida        ir al estado 53
    sentencia_return        ir al estado 54
    sentencia_repeat_until  ir al estado 55
    sentencia_lista         ir al estado 56
    expresion               ir al estado 57
    funcion                 ir al estado 58
    constante               ir al estado 59
    lista                   ir al estado 60


Estado 143

   22 lista_expresiones: lista_expresiones COMA expresion .
   61 expresion: expresion . MENOSMENOS expresion
   62          | expresion . ORLOG expresion
   63          | expresion . ANDLOG expresion
   64          | expresion . ARROBA expresion
   65          | expresion . XOR expresion
   66          | expresion . REL expresion
   67          | expresion . MASMENOS expresion
   68          | expresion . PORPOR expresion
   69          | expresion . PORPOT expresion
   70          | expresion . MULDIV expresion
   71          | expresion . EQN expresion
   72          | expresion . OPERMASMAS expresion ARROBA expresion

    OPERMASMAS  desplazar e ir al estado 89
    ARROBA      desplazar e ir al estado 90
    ORLOG       desplazar e ir al estado 91
    ANDLOG      desplazar e ir al estado 92
    XOR         desplazar e ir al estado 93
    EQN         desplazar e ir al estado 94
    REL         desplazar e ir al estado 95
    PORPOR      desplazar e ir al estado 96
    PORPOT      desplazar e ir al estado 97
    MASMENOS    desplazar e ir al estado 98
    MULDIV      desplazar e ir al estado 99
    MENOSMENOS  desplazar e ir al estado 100

    $default  reduce usando la regla 22 (lista_expresiones)


Estado 144

   38 sentencia_asignacion: ID ASIGN expresion PYC .

    $default  reduce usando la regla 38 (sentencia_asignacion)


Estado 145

   77 funcion: ID PARIZQ argumentos PARDER .

    $default  reduce usando la regla 77 (funcion)


Estado 146

   64 expresion: expresion ARROBA . expresion
   72          | expresion OPERMASMAS expresion ARROBA . expresion

    error        desplazar e ir al estado 30
    CONSTANTE    desplazar e ir al estado 37
    CORCHETEIZQ  desplazar e ir al estado 39
    PARIZQ       desplazar e ir al estado 40
    ID           desplazar e ir al estado 68
    MASMENOS     desplazar e ir al estado 42
    MENOSMENOS   desplazar e ir al estado 43
    NOT          desplazar e ir al estado 44
    INT          desplazar e ir al estado 69

    expresion  ir al estado 153
    funcion    ir al estado 58
    constante  ir al estado 59
    lista      ir al estado 60


Estado 147

   25 parametros: tipo ID .

    $default  reduce usando la regla 25 (parametros)


Estado 148

   24 parametros: parametros COMA . tipo ID

    PRIMITIVO   desplazar e ir al estado 14
    ESTRUCTURA  desplazar e ir al estado 15

    tipo  ir al estado 154


Estado 149

   20 cabecera_subprog: tipo ID $@4 PARIZQ parametros PARDER .

    $default  reduce usando la regla 20 (cabecera_subprog)


Estado 150

   39 sentencia_if: IF PARIZQ expresion PARDER sentencia . sentencia_else

    ELSE  desplazar e ir al estado 155

    ELSE      [reduce usando la regla 41 (sentencia_else)]
    $default  reduce usando la regla 41 (sentencia_else)

    sentencia_else  ir al estado 156


Estado 151

   52 sentencia_repeat_until: REPEAT sentencia UNTIL PARIZQ expresion . PARDER PYC
   61 expresion: expresion . MENOSMENOS expresion
   62          | expresion . ORLOG expresion
   63          | expresion . ANDLOG expresion
   64          | expresion . ARROBA expresion
   65          | expresion . XOR expresion
   66          | expresion . REL expresion
   67          | expresion . MASMENOS expresion
   68          | expresion . PORPOR expresion
   69          | expresion . PORPOT expresion
   70          | expresion . MULDIV expresion
   71          | expresion . EQN expresion
   72          | expresion . OPERMASMAS expresion ARROBA expresion

    PARDER      desplazar e ir al estado 157
    OPERMASMAS  desplazar e ir al estado 89
    ARROBA      desplazar e ir al estado 90
    ORLOG       desplazar e ir al estado 91
    ANDLOG      desplazar e ir al estado 92
    XOR         desplazar e ir al estado 93
    EQN         desplazar e ir al estado 94
    REL         desplazar e ir al estado 95
    PORPOR      desplazar e ir al estado 96
    PORPOT      desplazar e ir al estado 97
    MASMENOS    desplazar e ir al estado 98
    MULDIV      desplazar e ir al estado 99
    MENOSMENOS  desplazar e ir al estado 100


Estado 152

   42 sentencia_while: WHILE PARIZQ expresion PARDER sentencia .

    $default  reduce usando la regla 42 (sentencia_while)


Estado 153

   61 expresion: expresion . MENOSMENOS expresion
   62          | expresion . ORLOG expresion
   63          | expresion . ANDLOG expresion
   64          | expresion . ARROBA expresion
   64          | expresion ARROBA expresion .
   65          | expresion . XOR expresion
   66          | expresion . REL expresion
   67          | expresion . MASMENOS expresion
   68          | expresion . PORPOR expresion
   69          | expresion . PORPOT expresion
   70          | expresion . MULDIV expresion
   71          | expresion . EQN expresion
   72          | expresion . OPERMASMAS expresion ARROBA expresion
   72          | expresion OPERMASMAS expresion ARROBA expresion .

    OPERMASMAS  desplazar e ir al estado 89
    ARROBA      desplazar e ir al estado 90
    ORLOG       desplazar e ir al estado 91
    ANDLOG      desplazar e ir al estado 92
    XOR         desplazar e ir al estado 93
    EQN         desplazar e ir al estado 94
    REL         desplazar e ir al estado 95
    PORPOR      desplazar e ir al estado 96
    PORPOT      desplazar e ir al estado 97
    MASMENOS    desplazar e ir al estado 98
    MULDIV      desplazar e ir al estado 99
    MENOSMENOS  desplazar e ir al estado 100

    $default  reduce usando la regla 72 (expresion)


Estado 154

   24 parametros: parametros COMA tipo . ID

    ID  desplazar e ir al estado 158


Estado 155

   40 sentencia_else: ELSE . sentencia

    error         desplazar e ir al estado 30
    INPUT         desplazar e ir al estado 31
    OUTPUT        desplazar e ir al estado 32
    RETURN        desplazar e ir al estado 33
    IF            desplazar e ir al estado 34
    REPEAT        desplazar e ir al estado 35
    WHILE         desplazar e ir al estado 36
    CONSTANTE     desplazar e ir al estado 37
    INICIOBLOQUE  desplazar e ir al estado 6
    CORCHETEIZQ   desplazar e ir al estado 39
    PARIZQ        desplazar e ir al estado 40
    ID            desplazar e ir al estado 41
    MASMENOS      desplazar e ir al estado 42
    MENOSMENOS    desplazar e ir al estado 43
    NOT           desplazar e ir al estado 44
    INT           desplazar e ir al estado 45
    DOLLAR        desplazar e ir al estado 46

    bloque                  ir al estado 47
    sentencia               ir al estado 159
    sentencia_asignacion    ir al estado 49
    sentencia_if            ir al estado 50
    sentencia_while         ir al estado 51
    sentencia_entrada       ir al estado 52
    sentencia_salida        ir al estado 53
    sentencia_return        ir al estado 54
    sentencia_repeat_until  ir al estado 55
    sentencia_lista         ir al estado 56
    expresion               ir al estado 57
    funcion                 ir al estado 58
    constante               ir al estado 59
    lista                   ir al estado 60


Estado 156

   39 sentencia_if: IF PARIZQ expresion PARDER sentencia sentencia_else .

    $default  reduce usando la regla 39 (sentencia_if)


Estado 157

   52 sentencia_repeat_until: REPEAT sentencia UNTIL PARIZQ expresion PARDER . PYC

    PYC  desplazar e ir al estado 160


Estado 158

   24 parametros: parametros COMA tipo ID .

    $default  reduce usando la regla 24 (parametros)


Estado 159

   40 sentencia_else: ELSE sentencia .

    $default  reduce usando la regla 40 (sentencia_else)


Estado 160

   52 sentencia_repeat_until: REPEAT sentencia UNTIL PARIZQ expresion PARDER PYC .

    $default  reduce usando la regla 52 (sentencia_repeat_until)
